# JRE version: Java(TM) SE Runtime Environment (14.0.2+12) (build 14.0.2+12-46)
# Java VM: Java HotSpot(TM) 64-Bit Server VM (14.0.2+12-46, mixed mode, sharing, tiered, compressed oops, parallel gc, windows-amd64)
Heap:
 PSYoungGen      total 2560K, used 1973K [0x00000000eab00000, 0x00000000eaf00000, 0x0000000100000000)
  eden space 1536K, 87% used [0x00000000eab00000,0x00000000eac50568,0x00000000eac80000)
  from space 1024K, 61% used [0x00000000eae00000,0x00000000eae9cea0,0x00000000eaf00000)
  to   space 1024K, 0% used [0x00000000ead00000,0x00000000ead00000,0x00000000eae00000)
 ParOldGen       total 164352K, used 164333K [0x00000000c0000000, 0x00000000ca080000, 0x00000000eab00000)
  object space 164352K, 99% used [0x00000000c0000000,0x00000000ca07b7d0,0x00000000ca080000)
 Metaspace       used 70280K, capacity 73847K, committed 74112K, reserved 1114112K
  class space    used 7248K, capacity 8536K, committed 8576K, reserved 1048576K
GC Heap History (20 events):
Event: 190.754 GC heap after
{Heap after GC invocations=184 (full 7):
 PSYoungGen      total 5120K, used 320K [0x00000000eab00000, 0x00000000eb100000, 0x0000000100000000)
  eden space 4096K, 0% used [0x00000000eab00000,0x00000000eab00000,0x00000000eaf00000)
  from space 1024K, 31% used [0x00000000eaf00000,0x00000000eaf50000,0x00000000eb000000)
  to   space 512K, 0% used [0x00000000eb080000,0x00000000eb080000,0x00000000eb100000)
 ParOldGen       total 164352K, used 140435K [0x00000000c0000000, 0x00000000ca080000, 0x00000000eab00000)
  object space 164352K, 85% used [0x00000000c0000000,0x00000000c8924f78,0x00000000ca080000)
 Metaspace       used 70213K, capacity 73687K, committed 73856K, reserved 1114112K
  class space    used 7237K, capacity 8504K, committed 8576K, reserved 1048576K
}
Event: 190.781 GC heap before
{Heap before GC invocations=185 (full 7):
 PSYoungGen      total 5120K, used 4282K [0x00000000eab00000, 0x00000000eb100000, 0x0000000100000000)
  eden space 4096K, 96% used [0x00000000eab00000,0x00000000eaedeb10,0x00000000eaf00000)
  from space 1024K, 31% used [0x00000000eaf00000,0x00000000eaf50000,0x00000000eb000000)
  to   space 512K, 0% used [0x00000000eb080000,0x00000000eb080000,0x00000000eb100000)
 ParOldGen       total 164352K, used 140435K [0x00000000c0000000, 0x00000000ca080000, 0x00000000eab00000)
  object space 164352K, 85% used [0x00000000c0000000,0x00000000c8924f78,0x00000000ca080000)
 Metaspace       used 70215K, capacity 73687K, committed 73856K, reserved 1114112K
  class space    used 7237K, capacity 8504K, committed 8576K, reserved 1048576K
}
Event: 190.784 GC heap after
{Heap after GC invocations=185 (full 7):
 PSYoungGen      total 2048K, used 484K [0x00000000eab00000, 0x00000000eb700000, 0x0000000100000000)
  eden space 1536K, 0% used [0x00000000eab00000,0x00000000eab00000,0x00000000eac80000)
  from space 512K, 94% used [0x00000000eb080000,0x00000000eb0f93b0,0x00000000eb100000)
  to   space 4096K, 0% used [0x00000000eac80000,0x00000000eac80000,0x00000000eb080000)
 ParOldGen       total 164352K, used 143484K [0x00000000c0000000, 0x00000000ca080000, 0x00000000eab00000)
  object space 164352K, 87% used [0x00000000c0000000,0x00000000c8c1f060,0x00000000ca080000)
 Metaspace       used 70215K, capacity 73687K, committed 73856K, reserved 1114112K
  class space    used 7237K, capacity 8504K, committed 8576K, reserved 1048576K
}
Event: 190.799 GC heap before
{Heap before GC invocations=186 (full 7):
 PSYoungGen      total 2048K, used 1895K [0x00000000eab00000, 0x00000000eb700000, 0x0000000100000000)
  eden space 1536K, 91% used [0x00000000eab00000,0x00000000eac60a28,0x00000000eac80000)
  from space 512K, 94% used [0x00000000eb080000,0x00000000eb0f93b0,0x00000000eb100000)
  to   space 4096K, 0% used [0x00000000eac80000,0x00000000eac80000,0x00000000eb080000)
 ParOldGen       total 164352K, used 145868K [0x00000000c0000000, 0x00000000ca080000, 0x00000000eab00000)
  object space 164352K, 88% used [0x00000000c0000000,0x00000000c8e73018,0x00000000ca080000)
 Metaspace       used 70215K, capacity 73687K, committed 73856K, reserved 1114112K
  class space    used 7237K, capacity 8504K, committed 8576K, reserved 1048576K
}
Event: 190.802 GC heap after
{Heap after GC invocations=186 (full 7):
 PSYoungGen      total 2560K, used 989K [0x00000000eab00000, 0x00000000eb100000, 0x0000000100000000)
  eden space 1536K, 0% used [0x00000000eab00000,0x00000000eab00000,0x00000000eac80000)
  from space 1024K, 96% used [0x00000000eac80000,0x00000000ead77610,0x00000000ead80000)
  to   space 2048K, 0% used [0x00000000eaf00000,0x00000000eaf00000,0x00000000eb100000)
 ParOldGen       total 164352K, used 145884K [0x00000000c0000000, 0x00000000ca080000, 0x00000000eab00000)
  object space 164352K, 88% used [0x00000000c0000000,0x00000000c8e77018,0x00000000ca080000)
 Metaspace       used 70215K, capacity 73687K, committed 73856K, reserved 1114112K
  class space    used 7237K, capacity 8504K, committed 8576K, reserved 1048576K
}
Event: 190.828 GC heap before
{Heap before GC invocations=187 (full 7):
 PSYoungGen      total 2560K, used 2525K [0x00000000eab00000, 0x00000000eb100000, 0x0000000100000000)
  eden space 1536K, 100% used [0x00000000eab00000,0x00000000eac80000,0x00000000eac80000)
  from space 1024K, 96% used [0x00000000eac80000,0x00000000ead77610,0x00000000ead80000)
  to   space 2048K, 0% used [0x00000000eaf00000,0x00000000eaf00000,0x00000000eb100000)
 ParOldGen       total 164352K, used 145884K [0x00000000c0000000, 0x00000000ca080000, 0x00000000eab00000)
  object space 164352K, 88% used [0x00000000c0000000,0x00000000c8e77018,0x00000000ca080000)
 Metaspace       used 70268K, capacity 73719K, committed 73856K, reserved 1114112K
  class space    used 7247K, capacity 8536K, committed 8576K, reserved 1048576K
}
Event: 190.831 GC heap after
{Heap after GC invocations=187 (full 7):
 PSYoungGen      total 2560K, used 889K [0x00000000eab00000, 0x00000000eb000000, 0x0000000100000000)
  eden space 1536K, 0% used [0x00000000eab00000,0x00000000eab00000,0x00000000eac80000)
  from space 1024K, 86% used [0x00000000eaf00000,0x00000000eafde5b0,0x00000000eb000000)
  to   space 1536K, 0% used [0x00000000ead00000,0x00000000ead00000,0x00000000eae80000)
 ParOldGen       total 164352K, used 145908K [0x00000000c0000000, 0x00000000ca080000, 0x00000000eab00000)
  object space 164352K, 88% used [0x00000000c0000000,0x00000000c8e7d018,0x00000000ca080000)
 Metaspace       used 70268K, capacity 73719K, committed 73856K, reserved 1114112K
  class space    used 7247K, capacity 8536K, committed 8576K, reserved 1048576K
}
Event: 190.849 GC heap before
{Heap before GC invocations=188 (full 7):
 PSYoungGen      total 2560K, used 2425K [0x00000000eab00000, 0x00000000eb000000, 0x0000000100000000)
  eden space 1536K, 100% used [0x00000000eab00000,0x00000000eac80000,0x00000000eac80000)
  from space 1024K, 86% used [0x00000000eaf00000,0x00000000eafde5b0,0x00000000eb000000)
  to   space 1536K, 0% used [0x00000000ead00000,0x00000000ead00000,0x00000000eae80000)
 ParOldGen       total 164352K, used 145908K [0x00000000c0000000, 0x00000000ca080000, 0x00000000eab00000)
  object space 164352K, 88% used [0x00000000c0000000,0x00000000c8e7d018,0x00000000ca080000)
 Metaspace       used 70271K, capacity 73783K, committed 73856K, reserved 1114112K
  class space    used 7247K, capacity 8536K, committed 8576K, reserved 1048576K
}
Event: 190.852 GC heap after
{Heap after GC invocations=188 (full 7):
 PSYoungGen      total 3072K, used 436K [0x00000000eab00000, 0x00000000eaf80000, 0x0000000100000000)
  eden space 1536K, 0% used [0x00000000eab00000,0x00000000eab00000,0x00000000eac80000)
  from space 1536K, 28% used [0x00000000ead00000,0x00000000ead6d200,0x00000000eae80000)
  to   space 1024K, 0% used [0x00000000eae80000,0x00000000eae80000,0x00000000eaf80000)
 ParOldGen       total 164352K, used 146320K [0x00000000c0000000, 0x00000000ca080000, 0x00000000eab00000)
  object space 164352K, 89% used [0x00000000c0000000,0x00000000c8ee43c8,0x00000000ca080000)
 Metaspace       used 70271K, capacity 73783K, committed 73856K, reserved 1114112K
  class space    used 7247K, capacity 8536K, committed 8576K, reserved 1048576K
}
Event: 190.875 GC heap before
{Heap before GC invocations=189 (full 7):
 PSYoungGen      total 3072K, used 1965K [0x00000000eab00000, 0x00000000eaf80000, 0x0000000100000000)
  eden space 1536K, 99% used [0x00000000eab00000,0x00000000eac7e2b8,0x00000000eac80000)
  from space 1536K, 28% used [0x00000000ead00000,0x00000000ead6d200,0x00000000eae80000)
  to   space 1024K, 0% used [0x00000000eae80000,0x00000000eae80000,0x00000000eaf80000)
 ParOldGen       total 164352K, used 151088K [0x00000000c0000000, 0x00000000ca080000, 0x00000000eab00000)
  object space 164352K, 91% used [0x00000000c0000000,0x00000000c938c338,0x00000000ca080000)
 Metaspace       used 70271K, capacity 73783K, committed 73856K, reserved 1114112K
  class space    used 7247K, capacity 8536K, committed 8576K, reserved 1048576K
}
Event: 190.877 GC heap after
{Heap after GC invocations=189 (full 7):
 PSYoungGen      total 2560K, used 595K [0x00000000eab00000, 0x00000000eaf80000, 0x0000000100000000)
  eden space 1536K, 0% used [0x00000000eab00000,0x00000000eab00000,0x00000000eac80000)
  from space 1024K, 58% used [0x00000000eae80000,0x00000000eaf14ea0,0x00000000eaf80000)
  to   space 1024K, 0% used [0x00000000ead80000,0x00000000ead80000,0x00000000eae80000)
 ParOldGen       total 164352K, used 151437K [0x00000000c0000000, 0x00000000ca080000, 0x00000000eab00000)
  object space 164352K, 92% used [0x00000000c0000000,0x00000000c93e3538,0x00000000ca080000)
 Metaspace       used 70271K, capacity 73783K, committed 73856K, reserved 1114112K
  class space    used 7247K, capacity 8536K, committed 8576K, reserved 1048576K
}
Event: 190.898 GC heap before
{Heap before GC invocations=190 (full 7):
 PSYoungGen      total 2560K, used 2113K [0x00000000eab00000, 0x00000000eaf80000, 0x0000000100000000)
  eden space 1536K, 98% used [0x00000000eab00000,0x00000000eac7b858,0x00000000eac80000)
  from space 1024K, 58% used [0x00000000eae80000,0x00000000eaf14ea0,0x00000000eaf80000)
  to   space 1024K, 0% used [0x00000000ead80000,0x00000000ead80000,0x00000000eae80000)
 ParOldGen       total 164352K, used 153821K [0x00000000c0000000, 0x00000000ca080000, 0x00000000eab00000)
  object space 164352K, 93% used [0x00000000c0000000,0x00000000c96374f0,0x00000000ca080000)
 Metaspace       used 70275K, capacity 73783K, committed 73856K, reserved 1114112K
  class space    used 7247K, capacity 8536K, committed 8576K, reserved 1048576K
}
Event: 190.900 GC heap after
{Heap after GC invocations=190 (full 7):
 PSYoungGen      total 2560K, used 442K [0x00000000eab00000, 0x00000000eaf00000, 0x0000000100000000)
  eden space 1536K, 0% used [0x00000000eab00000,0x00000000eab00000,0x00000000eac80000)
  from space 1024K, 43% used [0x00000000ead80000,0x00000000eadee900,0x00000000eae80000)
  to   space 512K, 0% used [0x00000000eae80000,0x00000000eae80000,0x00000000eaf00000)
 ParOldGen       total 164352K, used 153941K [0x00000000c0000000, 0x00000000ca080000, 0x00000000eab00000)
  object space 164352K, 93% used [0x00000000c0000000,0x00000000c96554f0,0x00000000ca080000)
 Metaspace       used 70275K, capacity 73783K, committed 73856K, reserved 1114112K
  class space    used 7247K, capacity 8536K, committed 8576K, reserved 1048576K
}
Event: 190.926 GC heap before
{Heap before GC invocations=191 (full 7):
 PSYoungGen      total 2560K, used 1941K [0x00000000eab00000, 0x00000000eaf00000, 0x0000000100000000)
  eden space 1536K, 97% used [0x00000000eab00000,0x00000000eac76b30,0x00000000eac80000)
  from space 1024K, 43% used [0x00000000ead80000,0x00000000eadee900,0x00000000eae80000)
  to   space 512K, 0% used [0x00000000eae80000,0x00000000eae80000,0x00000000eaf00000)
 ParOldGen       total 164352K, used 156325K [0x00000000c0000000, 0x00000000ca080000, 0x00000000eab00000)
  object space 164352K, 95% used [0x00000000c0000000,0x00000000c98a94a8,0x00000000ca080000)
 Metaspace       used 70275K, capacity 73783K, committed 73856K, reserved 1114112K
  class space    used 7247K, capacity 8536K, committed 8576K, reserved 1048576K
}
Event: 190.928 GC heap after
{Heap after GC invocations=191 (full 7):
 PSYoungGen      total 2048K, used 499K [0x00000000eab00000, 0x00000000eaf00000, 0x0000000100000000)
  eden space 1536K, 0% used [0x00000000eab00000,0x00000000eab00000,0x00000000eac80000)
  from space 512K, 97% used [0x00000000eae80000,0x00000000eaefcea0,0x00000000eaf00000)
  to   space 1024K, 0% used [0x00000000ead00000,0x00000000ead00000,0x00000000eae00000)
 ParOldGen       total 164352K, used 156753K [0x00000000c0000000, 0x00000000ca080000, 0x00000000eab00000)
  object space 164352K, 95% used [0x00000000c0000000,0x00000000c99146a8,0x00000000ca080000)
 Metaspace       used 70275K, capacity 73783K, committed 73856K, reserved 1114112K
  class space    used 7247K, capacity 8536K, committed 8576K, reserved 1048576K
}
Event: 190.942 GC heap before
{Heap before GC invocations=192 (full 7):
 PSYoungGen      total 2048K, used 1880K [0x00000000eab00000, 0x00000000eaf00000, 0x0000000100000000)
  eden space 1536K, 89% used [0x00000000eab00000,0x00000000eac593e8,0x00000000eac80000)
  from space 512K, 97% used [0x00000000eae80000,0x00000000eaefcea0,0x00000000eaf00000)
  to   space 1024K, 0% used [0x00000000ead00000,0x00000000ead00000,0x00000000eae00000)
 ParOldGen       total 164352K, used 159137K [0x00000000c0000000, 0x00000000ca080000, 0x00000000eab00000)
  object space 164352K, 96% used [0x00000000c0000000,0x00000000c9b68660,0x00000000ca080000)
 Metaspace       used 70277K, capacity 73783K, committed 73856K, reserved 1114112K
  class space    used 7248K, capacity 8536K, committed 8576K, reserved 1048576K
}
Event: 190.944 GC heap after
{Heap after GC invocations=192 (full 7):
 PSYoungGen      total 2560K, used 442K [0x00000000eab00000, 0x00000000eaf00000, 0x0000000100000000)
  eden space 1536K, 0% used [0x00000000eab00000,0x00000000eab00000,0x00000000eac80000)
  from space 1024K, 43% used [0x00000000ead00000,0x00000000ead6e900,0x00000000eae00000)
  to   space 1024K, 0% used [0x00000000eae00000,0x00000000eae00000,0x00000000eaf00000)
 ParOldGen       total 164352K, used 159193K [0x00000000c0000000, 0x00000000ca080000, 0x00000000eab00000)
  object space 164352K, 96% used [0x00000000c0000000,0x00000000c9b76660,0x00000000ca080000)
 Metaspace       used 70277K, capacity 73783K, committed 73856K, reserved 1114112K
  class space    used 7248K, capacity 8536K, committed 8576K, reserved 1048576K
}
Event: 190.968 GC heap before
{Heap before GC invocations=193 (full 7):
 PSYoungGen      total 2560K, used 1941K [0x00000000eab00000, 0x00000000eaf00000, 0x0000000100000000)
  eden space 1536K, 97% used [0x00000000eab00000,0x00000000eac76cf0,0x00000000eac80000)
  from space 1024K, 43% used [0x00000000ead00000,0x00000000ead6e900,0x00000000eae00000)
  to   space 1024K, 0% used [0x00000000eae00000,0x00000000eae00000,0x00000000eaf00000)
 ParOldGen       total 164352K, used 161577K [0x00000000c0000000, 0x00000000ca080000, 0x00000000eab00000)
  object space 164352K, 98% used [0x00000000c0000000,0x00000000c9dca618,0x00000000ca080000)
 Metaspace       used 70277K, capacity 73783K, committed 73856K, reserved 1114112K
  class space    used 7248K, capacity 8536K, committed 8576K, reserved 1048576K
}
Event: 190.971 GC heap after
{Heap after GC invocations=193 (full 7):
 PSYoungGen      total 2560K, used 627K [0x00000000eab00000, 0x00000000eaf00000, 0x0000000100000000)
  eden space 1536K, 0% used [0x00000000eab00000,0x00000000eab00000,0x00000000eac80000)
  from space 1024K, 61% used [0x00000000eae00000,0x00000000eae9cea0,0x00000000eaf00000)
  to   space 1024K, 0% used [0x00000000ead00000,0x00000000ead00000,0x00000000eae00000)
 ParOldGen       total 164352K, used 161950K [0x00000000c0000000, 0x00000000ca080000, 0x00000000eab00000)
  object space 164352K, 98% used [0x00000000c0000000,0x00000000c9e27818,0x00000000ca080000)
 Metaspace       used 70277K, capacity 73783K, committed 73856K, reserved 1114112K
  class space    used 7248K, capacity 8536K, committed 8576K, reserved 1048576K
}
Event: 190.989 GC heap before
{Heap before GC invocations=194 (full 8):
 PSYoungGen      total 2560K, used 1973K [0x00000000eab00000, 0x00000000eaf00000, 0x0000000100000000)
  eden space 1536K, 87% used [0x00000000eab00000,0x00000000eac50568,0x00000000eac80000)
  from space 1024K, 61% used [0x00000000eae00000,0x00000000eae9cea0,0x00000000eaf00000)
  to   space 1024K, 0% used [0x00000000ead00000,0x00000000ead00000,0x00000000eae00000)
 ParOldGen       total 164352K, used 164333K [0x00000000c0000000, 0x00000000ca080000, 0x00000000eab00000)
  object space 164352K, 99% used [0x00000000c0000000,0x00000000ca07b7d0,0x00000000ca080000)
 Metaspace       used 70280K, capacity 73847K, committed 74112K, reserved 1114112K
  class space    used 7248K, capacity 8536K, committed 8576K, reserved 1048576K
}

