# JRE version: Java(TM) SE Runtime Environment (14.0.2+12) (build 14.0.2+12-46)
# Java VM: Java HotSpot(TM) 64-Bit Server VM (14.0.2+12-46, mixed mode, sharing, tiered, compressed oops, parallel gc, windows-amd64)
Heap:
 PSYoungGen      total 22528K, used 10289K [0x00000000eab00000, 0x00000000ecb00000, 0x0000000100000000)
  eden space 22016K, 46% used [0x00000000eab00000,0x00000000eb50c558,0x00000000ec080000)
  from space 512K, 0% used [0x00000000ec380000,0x00000000ec380000,0x00000000ec400000)
  to   space 2560K, 0% used [0x00000000ec880000,0x00000000ec880000,0x00000000ecb00000)
 ParOldGen       total 68608K, used 25671K [0x00000000c0000000, 0x00000000c4300000, 0x00000000eab00000)
  object space 68608K, 37% used [0x00000000c0000000,0x00000000c1911db8,0x00000000c4300000)
 Metaspace       used 35807K, capacity 37666K, committed 37888K, reserved 1083392K
  class space    used 3556K, capacity 4229K, committed 4352K, reserved 1048576K
GC Heap History (20 events):
Event: 12.701 GC heap before
{Heap before GC invocations=4 (full 1):
 PSYoungGen      total 29696K, used 4080K [0x00000000eab00000, 0x00000000ecc00000, 0x0000000100000000)
  eden space 25600K, 0% used [0x00000000eab00000,0x00000000eab00000,0x00000000ec400000)
  from space 4096K, 99% used [0x00000000ec400000,0x00000000ec7fc3b8,0x00000000ec800000)
  to   space 4096K, 0% used [0x00000000ec800000,0x00000000ec800000,0x00000000ecc00000)
 ParOldGen       total 68608K, used 3124K [0x00000000c0000000, 0x00000000c4300000, 0x00000000eab00000)
  object space 68608K, 4% used [0x00000000c0000000,0x00000000c030d358,0x00000000c4300000)
 Metaspace       used 20074K, capacity 21170K, committed 21248K, reserved 1069056K
  class space    used 1886K, capacity 2233K, committed 2304K, reserved 1048576K
}
Event: 12.749 GC heap after
{Heap after GC invocations=4 (full 1):
 PSYoungGen      total 29696K, used 0K [0x00000000eab00000, 0x00000000ecc00000, 0x0000000100000000)
  eden space 25600K, 0% used [0x00000000eab00000,0x00000000eab00000,0x00000000ec400000)
  from space 4096K, 0% used [0x00000000ec400000,0x00000000ec400000,0x00000000ec800000)
  to   space 4096K, 0% used [0x00000000ec800000,0x00000000ec800000,0x00000000ecc00000)
 ParOldGen       total 68608K, used 7045K [0x00000000c0000000, 0x00000000c4300000, 0x00000000eab00000)
  object space 68608K, 10% used [0x00000000c0000000,0x00000000c06e14b8,0x00000000c4300000)
 Metaspace       used 20074K, capacity 21170K, committed 21248K, reserved 1069056K
  class space    used 1886K, capacity 2233K, committed 2304K, reserved 1048576K
}
Event: 16.570 GC heap before
{Heap before GC invocations=5 (full 1):
 PSYoungGen      total 29696K, used 25575K [0x00000000eab00000, 0x00000000ecc00000, 0x0000000100000000)
  eden space 25600K, 99% used [0x00000000eab00000,0x00000000ec3f9fc8,0x00000000ec400000)
  from space 4096K, 0% used [0x00000000ec400000,0x00000000ec400000,0x00000000ec800000)
  to   space 4096K, 0% used [0x00000000ec800000,0x00000000ec800000,0x00000000ecc00000)
 ParOldGen       total 68608K, used 7045K [0x00000000c0000000, 0x00000000c4300000, 0x00000000eab00000)
  object space 68608K, 10% used [0x00000000c0000000,0x00000000c06e14b8,0x00000000c4300000)
 Metaspace       used 27097K, capacity 28798K, committed 29056K, reserved 1075200K
  class space    used 2710K, capacity 3380K, committed 3456K, reserved 1048576K
}
Event: 16.578 GC heap after
{Heap after GC invocations=5 (full 1):
 PSYoungGen      total 29696K, used 3144K [0x00000000eab00000, 0x00000000ecc00000, 0x0000000100000000)
  eden space 25600K, 0% used [0x00000000eab00000,0x00000000eab00000,0x00000000ec400000)
  from space 4096K, 76% used [0x00000000ec800000,0x00000000ecb123e0,0x00000000ecc00000)
  to   space 4096K, 0% used [0x00000000ec400000,0x00000000ec400000,0x00000000ec800000)
 ParOldGen       total 68608K, used 7053K [0x00000000c0000000, 0x00000000c4300000, 0x00000000eab00000)
  object space 68608K, 10% used [0x00000000c0000000,0x00000000c06e34b8,0x00000000c4300000)
 Metaspace       used 27097K, capacity 28798K, committed 29056K, reserved 1075200K
  class space    used 2710K, capacity 3380K, committed 3456K, reserved 1048576K
}
Event: 17.556 GC heap before
{Heap before GC invocations=6 (full 1):
 PSYoungGen      total 29696K, used 28744K [0x00000000eab00000, 0x00000000ecc00000, 0x0000000100000000)
  eden space 25600K, 100% used [0x00000000eab00000,0x00000000ec400000,0x00000000ec400000)
  from space 4096K, 76% used [0x00000000ec800000,0x00000000ecb123e0,0x00000000ecc00000)
  to   space 4096K, 0% used [0x00000000ec400000,0x00000000ec400000,0x00000000ec800000)
 ParOldGen       total 68608K, used 7053K [0x00000000c0000000, 0x00000000c4300000, 0x00000000eab00000)
  object space 68608K, 10% used [0x00000000c0000000,0x00000000c06e34b8,0x00000000c4300000)
 Metaspace       used 27296K, capacity 29018K, committed 29312K, reserved 1075200K
  class space    used 2728K, capacity 3389K, committed 3456K, reserved 1048576K
}
Event: 17.566 GC heap after
{Heap after GC invocations=6 (full 1):
 PSYoungGen      total 29184K, used 4075K [0x00000000eab00000, 0x00000000ecf80000, 0x0000000100000000)
  eden space 25088K, 0% used [0x00000000eab00000,0x00000000eab00000,0x00000000ec380000)
  from space 4096K, 99% used [0x00000000ec400000,0x00000000ec7fae20,0x00000000ec800000)
  to   space 6144K, 0% used [0x00000000ec980000,0x00000000ec980000,0x00000000ecf80000)
 ParOldGen       total 68608K, used 8389K [0x00000000c0000000, 0x00000000c4300000, 0x00000000eab00000)
  object space 68608K, 12% used [0x00000000c0000000,0x00000000c08314b8,0x00000000c4300000)
 Metaspace       used 27296K, capacity 29018K, committed 29312K, reserved 1075200K
  class space    used 2728K, capacity 3389K, committed 3456K, reserved 1048576K
}
Event: 17.980 GC heap before
{Heap before GC invocations=7 (full 1):
 PSYoungGen      total 29184K, used 29163K [0x00000000eab00000, 0x00000000ecf80000, 0x0000000100000000)
  eden space 25088K, 100% used [0x00000000eab00000,0x00000000ec380000,0x00000000ec380000)
  from space 4096K, 99% used [0x00000000ec400000,0x00000000ec7fae20,0x00000000ec800000)
  to   space 6144K, 0% used [0x00000000ec980000,0x00000000ec980000,0x00000000ecf80000)
 ParOldGen       total 68608K, used 8389K [0x00000000c0000000, 0x00000000c4300000, 0x00000000eab00000)
  object space 68608K, 12% used [0x00000000c0000000,0x00000000c08314b8,0x00000000c4300000)
 Metaspace       used 27336K, capacity 29146K, committed 29312K, reserved 1075200K
  class space    used 2729K, capacity 3389K, committed 3456K, reserved 1048576K
}
Event: 17.992 GC heap after
{Heap after GC invocations=7 (full 1):
 PSYoungGen      total 30208K, used 6140K [0x00000000eab00000, 0x00000000ed100000, 0x0000000100000000)
  eden space 24064K, 0% used [0x00000000eab00000,0x00000000eab00000,0x00000000ec280000)
  from space 6144K, 99% used [0x00000000ec980000,0x00000000ecf7f390,0x00000000ecf80000)
  to   space 7168K, 0% used [0x00000000ec280000,0x00000000ec280000,0x00000000ec980000)
 ParOldGen       total 68608K, used 8664K [0x00000000c0000000, 0x00000000c4300000, 0x00000000eab00000)
  object space 68608K, 12% used [0x00000000c0000000,0x00000000c08760e8,0x00000000c4300000)
 Metaspace       used 27336K, capacity 29146K, committed 29312K, reserved 1075200K
  class space    used 2729K, capacity 3389K, committed 3456K, reserved 1048576K
}
Event: 18.319 GC heap before
{Heap before GC invocations=8 (full 1):
 PSYoungGen      total 30208K, used 30204K [0x00000000eab00000, 0x00000000ed100000, 0x0000000100000000)
  eden space 24064K, 100% used [0x00000000eab00000,0x00000000ec280000,0x00000000ec280000)
  from space 6144K, 99% used [0x00000000ec980000,0x00000000ecf7f390,0x00000000ecf80000)
  to   space 7168K, 0% used [0x00000000ec280000,0x00000000ec280000,0x00000000ec980000)
 ParOldGen       total 68608K, used 8664K [0x00000000c0000000, 0x00000000c4300000, 0x00000000eab00000)
  object space 68608K, 12% used [0x00000000c0000000,0x00000000c08760e8,0x00000000c4300000)
 Metaspace       used 27467K, capacity 29210K, committed 29312K, reserved 1075200K
  class space    used 2745K, capacity 3389K, committed 3456K, reserved 1048576K
}
Event: 18.332 GC heap after
{Heap after GC invocations=8 (full 1):
 PSYoungGen      total 30720K, used 7137K [0x00000000eab00000, 0x00000000ed500000, 0x0000000100000000)
  eden space 23552K, 0% used [0x00000000eab00000,0x00000000eab00000,0x00000000ec200000)
  from space 7168K, 99% used [0x00000000ec280000,0x00000000ec9784c0,0x00000000ec980000)
  to   space 9728K, 0% used [0x00000000ecb80000,0x00000000ecb80000,0x00000000ed500000)
 ParOldGen       total 68608K, used 10302K [0x00000000c0000000, 0x00000000c4300000, 0x00000000eab00000)
  object space 68608K, 15% used [0x00000000c0000000,0x00000000c0a0fa38,0x00000000c4300000)
 Metaspace       used 27467K, capacity 29210K, committed 29312K, reserved 1075200K
  class space    used 2745K, capacity 3389K, committed 3456K, reserved 1048576K
}
Event: 18.531 GC heap before
{Heap before GC invocations=9 (full 1):
 PSYoungGen      total 30720K, used 30689K [0x00000000eab00000, 0x00000000ed500000, 0x0000000100000000)
  eden space 23552K, 100% used [0x00000000eab00000,0x00000000ec200000,0x00000000ec200000)
  from space 7168K, 99% used [0x00000000ec280000,0x00000000ec9784c0,0x00000000ec980000)
  to   space 9728K, 0% used [0x00000000ecb80000,0x00000000ecb80000,0x00000000ed500000)
 ParOldGen       total 68608K, used 10302K [0x00000000c0000000, 0x00000000c4300000, 0x00000000eab00000)
  object space 68608K, 15% used [0x00000000c0000000,0x00000000c0a0fa38,0x00000000c4300000)
 Metaspace       used 27467K, capacity 29210K, committed 29312K, reserved 1075200K
  class space    used 2745K, capacity 3389K, committed 3456K, reserved 1048576K
}
Event: 18.548 GC heap after
{Heap after GC invocations=9 (full 1):
 PSYoungGen      total 31744K, used 8500K [0x00000000eab00000, 0x00000000ed400000, 0x0000000100000000)
  eden space 23040K, 0% used [0x00000000eab00000,0x00000000eab00000,0x00000000ec180000)
  from space 8704K, 97% used [0x00000000ecb80000,0x00000000ed3cd1a0,0x00000000ed400000)
  to   space 8704K, 0% used [0x00000000ec300000,0x00000000ec300000,0x00000000ecb80000)
 ParOldGen       total 68608K, used 11549K [0x00000000c0000000, 0x00000000c4300000, 0x00000000eab00000)
  object space 68608K, 16% used [0x00000000c0000000,0x00000000c0b475d8,0x00000000c4300000)
 Metaspace       used 27467K, capacity 29210K, committed 29312K, reserved 1075200K
  class space    used 2745K, capacity 3389K, committed 3456K, reserved 1048576K
}
Event: 18.702 GC heap before
{Heap before GC invocations=10 (full 1):
 PSYoungGen      total 31744K, used 31540K [0x00000000eab00000, 0x00000000ed400000, 0x0000000100000000)
  eden space 23040K, 100% used [0x00000000eab00000,0x00000000ec180000,0x00000000ec180000)
  from space 8704K, 97% used [0x00000000ecb80000,0x00000000ed3cd1a0,0x00000000ed400000)
  to   space 8704K, 0% used [0x00000000ec300000,0x00000000ec300000,0x00000000ecb80000)
 ParOldGen       total 68608K, used 11549K [0x00000000c0000000, 0x00000000c4300000, 0x00000000eab00000)
  object space 68608K, 16% used [0x00000000c0000000,0x00000000c0b475d8,0x00000000c4300000)
 Metaspace       used 27467K, capacity 29210K, committed 29312K, reserved 1075200K
  class space    used 2745K, capacity 3389K, committed 3456K, reserved 1048576K
}
Event: 18.719 GC heap after
{Heap after GC invocations=10 (full 1):
 PSYoungGen      total 30208K, used 7296K [0x00000000eab00000, 0x00000000ed100000, 0x0000000100000000)
  eden space 22528K, 0% used [0x00000000eab00000,0x00000000eab00000,0x00000000ec100000)
  from space 7680K, 95% used [0x00000000ec300000,0x00000000eca20020,0x00000000eca80000)
  to   space 6656K, 0% used [0x00000000eca80000,0x00000000eca80000,0x00000000ed100000)
 ParOldGen       total 68608K, used 15005K [0x00000000c0000000, 0x00000000c4300000, 0x00000000eab00000)
  object space 68608K, 21% used [0x00000000c0000000,0x00000000c0ea7780,0x00000000c4300000)
 Metaspace       used 27467K, capacity 29210K, committed 29312K, reserved 1075200K
  class space    used 2745K, capacity 3389K, committed 3456K, reserved 1048576K
}
Event: 21.517 GC heap before
{Heap before GC invocations=11 (full 1):
 PSYoungGen      total 30208K, used 29824K [0x00000000eab00000, 0x00000000ed100000, 0x0000000100000000)
  eden space 22528K, 100% used [0x00000000eab00000,0x00000000ec100000,0x00000000ec100000)
  from space 7680K, 95% used [0x00000000ec300000,0x00000000eca20020,0x00000000eca80000)
  to   space 6656K, 0% used [0x00000000eca80000,0x00000000eca80000,0x00000000ed100000)
 ParOldGen       total 68608K, used 15005K [0x00000000c0000000, 0x00000000c4300000, 0x00000000eab00000)
  object space 68608K, 21% used [0x00000000c0000000,0x00000000c0ea7780,0x00000000c4300000)
 Metaspace       used 32393K, capacity 34174K, committed 34432K, reserved 1079296K
  class space    used 3251K, capacity 3918K, committed 3968K, reserved 1048576K
}
Event: 21.534 GC heap after
{Heap after GC invocations=11 (full 1):
 PSYoungGen      total 28160K, used 5690K [0x00000000eab00000, 0x00000000ed080000, 0x0000000100000000)
  eden space 22016K, 0% used [0x00000000eab00000,0x00000000eab00000,0x00000000ec080000)
  from space 6144K, 92% used [0x00000000eca80000,0x00000000ed00e870,0x00000000ed080000)
  to   space 6656K, 0% used [0x00000000ec380000,0x00000000ec380000,0x00000000eca00000)
 ParOldGen       total 68608K, used 20042K [0x00000000c0000000, 0x00000000c4300000, 0x00000000eab00000)
  object space 68608K, 29% used [0x00000000c0000000,0x00000000c1392af8,0x00000000c4300000)
 Metaspace       used 32393K, capacity 34174K, committed 34432K, reserved 1079296K
  class space    used 3251K, capacity 3918K, committed 3968K, reserved 1048576K
}
Event: 21.810 GC heap before
{Heap before GC invocations=12 (full 1):
 PSYoungGen      total 28160K, used 8053K [0x00000000eab00000, 0x00000000ed080000, 0x0000000100000000)
  eden space 22016K, 10% used [0x00000000eab00000,0x00000000ead4ef88,0x00000000ec080000)
  from space 6144K, 92% used [0x00000000eca80000,0x00000000ed00e870,0x00000000ed080000)
  to   space 6656K, 0% used [0x00000000ec380000,0x00000000ec380000,0x00000000eca00000)
 ParOldGen       total 68608K, used 20042K [0x00000000c0000000, 0x00000000c4300000, 0x00000000eab00000)
  object space 68608K, 29% used [0x00000000c0000000,0x00000000c1392af8,0x00000000c4300000)
 Metaspace       used 33480K, capacity 35243K, committed 35328K, reserved 1081344K
  class space    used 3327K, capacity 4018K, committed 4096K, reserved 1048576K
}
Event: 21.822 GC heap after
{Heap after GC invocations=12 (full 1):
 PSYoungGen      total 22528K, used 452K [0x00000000eab00000, 0x00000000ecb00000, 0x0000000100000000)
  eden space 22016K, 0% used [0x00000000eab00000,0x00000000eab00000,0x00000000ec080000)
  from space 512K, 88% used [0x00000000ec380000,0x00000000ec3f1380,0x00000000ec400000)
  to   space 2560K, 0% used [0x00000000ec880000,0x00000000ec880000,0x00000000ecb00000)
 ParOldGen       total 68608K, used 25711K [0x00000000c0000000, 0x00000000c4300000, 0x00000000eab00000)
  object space 68608K, 37% used [0x00000000c0000000,0x00000000c191bed8,0x00000000c4300000)
 Metaspace       used 33480K, capacity 35243K, committed 35328K, reserved 1081344K
  class space    used 3327K, capacity 4018K, committed 4096K, reserved 1048576K
}
Event: 21.822 GC heap before
{Heap before GC invocations=13 (full 2):
 PSYoungGen      total 22528K, used 452K [0x00000000eab00000, 0x00000000ecb00000, 0x0000000100000000)
  eden space 22016K, 0% used [0x00000000eab00000,0x00000000eab00000,0x00000000ec080000)
  from space 512K, 88% used [0x00000000ec380000,0x00000000ec3f1380,0x00000000ec400000)
  to   space 2560K, 0% used [0x00000000ec880000,0x00000000ec880000,0x00000000ecb00000)
 ParOldGen       total 68608K, used 25711K [0x00000000c0000000, 0x00000000c4300000, 0x00000000eab00000)
  object space 68608K, 37% used [0x00000000c0000000,0x00000000c191bed8,0x00000000c4300000)
 Metaspace       used 33480K, capacity 35243K, committed 35328K, reserved 1081344K
  class space    used 3327K, capacity 4018K, committed 4096K, reserved 1048576K
}
Event: 21.969 GC heap after
{Heap after GC invocations=13 (full 2):
 PSYoungGen      total 22528K, used 0K [0x00000000eab00000, 0x00000000ecb00000, 0x0000000100000000)
  eden space 22016K, 0% used [0x00000000eab00000,0x00000000eab00000,0x00000000ec080000)
  from space 512K, 0% used [0x00000000ec380000,0x00000000ec380000,0x00000000ec400000)
  to   space 2560K, 0% used [0x00000000ec880000,0x00000000ec880000,0x00000000ecb00000)
 ParOldGen       total 68608K, used 25671K [0x00000000c0000000, 0x00000000c4300000, 0x00000000eab00000)
  object space 68608K, 37% used [0x00000000c0000000,0x00000000c1911db8,0x00000000c4300000)
 Metaspace       used 33480K, capacity 35243K, committed 35328K, reserved 1081344K
  class space    used 3327K, capacity 4018K, committed 4096K, reserved 1048576K
}

