# JRE version: Java(TM) SE Runtime Environment (15.0.1+9) (build 15.0.1+9-18)
# Java VM: Java HotSpot(TM) 64-Bit Server VM (15.0.1+9-18, mixed mode, sharing, tiered, compressed oops, g1 gc, windows-amd64)
GC Precious Log:
 CPUs: 4 total, 4 available
 Memory: 3932M
 Large Page Support: Disabled
 NUMA Support: Disabled
 Compressed Oops: Enabled (32-bit)
 Heap Region Size: 1M
 Heap Min Capacity: 8M
 Heap Initial Capacity: 62M
 Heap Max Capacity: 984M
 Pre-touch: Disabled
 Parallel Workers: 4
 Concurrent Workers: 1
 Concurrent Refinement Workers: 4
 Periodic GC: Disabled
Heap:
 garbage-first heap   total 65536K, used 32339K [0x00000000c2800000, 0x0000000100000000)
  region size 1024K, 4 young (4096K), 1 survivors (1024K)
 Metaspace       used 34192K, capacity 34567K, committed 34608K, reserved 1079296K
  class space    used 4304K, capacity 4474K, committed 4480K, reserved 1048576K
GC Heap History (20 events):
Event: 26.200 GC heap after
{Heap after GC invocations=13 (full 0):
 garbage-first heap   total 56320K, used 27452K [0x00000000c2800000, 0x0000000100000000)
  region size 1024K, 3 young (3072K), 3 survivors (3072K)
 Metaspace       used 32256K, capacity 32643K, committed 32816K, reserved 1077248K
  class space    used 4034K, capacity 4187K, committed 4224K, reserved 1048576K
}
Event: 36.755 GC heap before
{Heap before GC invocations=14 (full 0):
 garbage-first heap   total 60416K, used 40764K [0x00000000c2800000, 0x0000000100000000)
  region size 1024K, 17 young (17408K), 3 survivors (3072K)
 Metaspace       used 32404K, capacity 32743K, committed 32816K, reserved 1077248K
  class space    used 4060K, capacity 4197K, committed 4224K, reserved 1048576K
}
Event: 36.762 GC heap after
{Heap after GC invocations=15 (full 0):
 garbage-first heap   total 60416K, used 28285K [0x00000000c2800000, 0x0000000100000000)
  region size 1024K, 3 young (3072K), 3 survivors (3072K)
 Metaspace       used 32404K, capacity 32743K, committed 32816K, reserved 1077248K
  class space    used 4060K, capacity 4197K, committed 4224K, reserved 1048576K
}
Event: 36.768 GC heap before
{Heap before GC invocations=15 (full 0):
 garbage-first heap   total 60416K, used 29309K [0x00000000c2800000, 0x0000000100000000)
  region size 1024K, 4 young (4096K), 3 survivors (3072K)
 Metaspace       used 32404K, capacity 32743K, committed 32816K, reserved 1077248K
  class space    used 4060K, capacity 4197K, committed 4224K, reserved 1048576K
}
Event: 36.780 GC heap after
{Heap after GC invocations=16 (full 0):
 garbage-first heap   total 60416K, used 26242K [0x00000000c2800000, 0x0000000100000000)
  region size 1024K, 1 young (1024K), 1 survivors (1024K)
 Metaspace       used 32404K, capacity 32743K, committed 32816K, reserved 1077248K
  class space    used 4060K, capacity 4197K, committed 4224K, reserved 1048576K
}
Event: 54.450 GC heap before
{Heap before GC invocations=16 (full 0):
 garbage-first heap   total 60416K, used 46722K [0x00000000c2800000, 0x0000000100000000)
  region size 1024K, 21 young (21504K), 1 survivors (1024K)
 Metaspace       used 32758K, capacity 33133K, committed 33456K, reserved 1079296K
  class space    used 4109K, capacity 4262K, committed 4352K, reserved 1048576K
}
Event: 54.455 GC heap after
{Heap after GC invocations=17 (full 0):
 garbage-first heap   total 60416K, used 27329K [0x00000000c2800000, 0x0000000100000000)
  region size 1024K, 2 young (2048K), 2 survivors (2048K)
 Metaspace       used 32758K, capacity 33133K, committed 33456K, reserved 1079296K
  class space    used 4109K, capacity 4262K, committed 4352K, reserved 1048576K
}
Event: 130.270 GC heap before
{Heap before GC invocations=17 (full 0):
 garbage-first heap   total 60416K, used 46785K [0x00000000c2800000, 0x0000000100000000)
  region size 1024K, 21 young (21504K), 2 survivors (2048K)
 Metaspace       used 32772K, capacity 33148K, committed 33456K, reserved 1079296K
  class space    used 4114K, capacity 4265K, committed 4352K, reserved 1048576K
}
Event: 130.274 GC heap after
{Heap after GC invocations=18 (full 0):
 garbage-first heap   total 60416K, used 27766K [0x00000000c2800000, 0x0000000100000000)
  region size 1024K, 2 young (2048K), 2 survivors (2048K)
 Metaspace       used 32772K, capacity 33148K, committed 33456K, reserved 1079296K
  class space    used 4114K, capacity 4265K, committed 4352K, reserved 1048576K
}
Event: 136.290 GC heap before
{Heap before GC invocations=18 (full 0):
 garbage-first heap   total 60416K, used 35958K [0x00000000c2800000, 0x0000000100000000)
  region size 1024K, 11 young (11264K), 2 survivors (2048K)
 Metaspace       used 33048K, capacity 33460K, committed 33712K, reserved 1079296K
  class space    used 4146K, capacity 4304K, committed 4352K, reserved 1048576K
}
Event: 136.294 GC heap after
{Heap after GC invocations=19 (full 0):
 garbage-first heap   total 60416K, used 28775K [0x00000000c2800000, 0x0000000100000000)
  region size 1024K, 1 young (1024K), 1 survivors (1024K)
 Metaspace       used 33048K, capacity 33460K, committed 33712K, reserved 1079296K
  class space    used 4146K, capacity 4304K, committed 4352K, reserved 1048576K
}
Event: 147.635 GC heap before
{Heap before GC invocations=20 (full 0):
 garbage-first heap   total 60416K, used 50279K [0x00000000c2800000, 0x0000000100000000)
  region size 1024K, 20 young (20480K), 1 survivors (1024K)
 Metaspace       used 34058K, capacity 34461K, committed 34608K, reserved 1079296K
  class space    used 4288K, capacity 4466K, committed 4480K, reserved 1048576K
}
Event: 147.642 GC heap after
{Heap after GC invocations=21 (full 0):
 garbage-first heap   total 60416K, used 29868K [0x00000000c2800000, 0x0000000100000000)
  region size 1024K, 3 young (3072K), 3 survivors (3072K)
 Metaspace       used 34058K, capacity 34461K, committed 34608K, reserved 1079296K
  class space    used 4288K, capacity 4466K, committed 4480K, reserved 1048576K
}
Event: 153.018 GC heap before
{Heap before GC invocations=21 (full 0):
 garbage-first heap   total 60416K, used 30892K [0x00000000c2800000, 0x0000000100000000)
  region size 1024K, 6 young (6144K), 3 survivors (3072K)
 Metaspace       used 34087K, capacity 34470K, committed 34608K, reserved 1079296K
  class space    used 4291K, capacity 4468K, committed 4480K, reserved 1048576K
}
Event: 153.028 GC heap after
{Heap after GC invocations=22 (full 0):
 garbage-first heap   total 60416K, used 29770K [0x00000000c2800000, 0x0000000100000000)
  region size 1024K, 1 young (1024K), 1 survivors (1024K)
 Metaspace       used 34087K, capacity 34470K, committed 34608K, reserved 1079296K
  class space    used 4291K, capacity 4468K, committed 4480K, reserved 1048576K
}
Event: 320.631 GC heap before
{Heap before GC invocations=23 (full 0):
 garbage-first heap   total 65536K, used 51274K [0x00000000c2800000, 0x0000000100000000)
  region size 1024K, 19 young (19456K), 1 survivors (1024K)
 Metaspace       used 34191K, capacity 34567K, committed 34608K, reserved 1079296K
  class space    used 4304K, capacity 4474K, committed 4480K, reserved 1048576K
}
Event: 320.637 GC heap after
{Heap after GC invocations=24 (full 0):
 garbage-first heap   total 65536K, used 31217K [0x00000000c2800000, 0x0000000100000000)
  region size 1024K, 3 young (3072K), 3 survivors (3072K)
 Metaspace       used 34191K, capacity 34567K, committed 34608K, reserved 1079296K
  class space    used 4304K, capacity 4474K, committed 4480K, reserved 1048576K
}
Event: 323.852 GC heap before
{Heap before GC invocations=24 (full 0):
 garbage-first heap   total 65536K, used 32241K [0x00000000c2800000, 0x0000000100000000)
  region size 1024K, 4 young (4096K), 3 survivors (3072K)
 Metaspace       used 34191K, capacity 34567K, committed 34608K, reserved 1079296K
  class space    used 4304K, capacity 4474K, committed 4480K, reserved 1048576K
}
Event: 323.868 GC heap after
{Heap after GC invocations=25 (full 0):
 garbage-first heap   total 65536K, used 28305K [0x00000000c2800000, 0x0000000100000000)
  region size 1024K, 1 young (1024K), 1 survivors (1024K)
 Metaspace       used 34191K, capacity 34567K, committed 34608K, reserved 1079296K
  class space    used 4304K, capacity 4474K, committed 4480K, reserved 1048576K
}
Event: 328.806 GC heap before
{Heap before GC invocations=25 (full 0):
 garbage-first heap   total 65536K, used 31377K [0x00000000c2800000, 0x0000000100000000)
  region size 1024K, 4 young (4096K), 1 survivors (1024K)
 Metaspace       used 34192K, capacity 34567K, committed 34608K, reserved 1079296K
  class space    used 4304K, capacity 4474K, committed 4480K, reserved 1048576K
}

