# JRE version: Java(TM) SE Runtime Environment (14.0.2+12) (build 14.0.2+12-46)
# Java VM: Java HotSpot(TM) 64-Bit Server VM (14.0.2+12-46, mixed mode, sharing, tiered, compressed oops, g1 gc, windows-amd64)
Heap:
 garbage-first heap   total 73728K, used 58778K [0x00000000c2800000, 0x0000000100000000)
  region size 1024K, 33 young (33792K), 2 survivors (2048K)
 Metaspace       used 60216K, capacity 61915K, committed 62108K, reserved 1103872K
  class space    used 7750K, capacity 8390K, committed 8428K, reserved 1048576K
GC Heap History (20 events):
Event: 9.391 GC heap after
{Heap after GC invocations=14 (full 0):
 garbage-first heap   total 61440K, used 16678K [0x00000000c2800000, 0x0000000100000000)
  region size 1024K, 4 young (4096K), 4 survivors (4096K)
 Metaspace       used 30237K, capacity 31372K, committed 31536K, reserved 1077248K
  class space    used 3784K, capacity 4219K, committed 4224K, reserved 1048576K
}
Event: 10.142 GC heap before
{Heap before GC invocations=14 (full 0):
 garbage-first heap   total 61440K, used 37158K [0x00000000c2800000, 0x0000000100000000)
  region size 1024K, 25 young (25600K), 4 survivors (4096K)
 Metaspace       used 34732K, capacity 35827K, committed 35888K, reserved 1081344K
  class space    used 4536K, capacity 4976K, committed 4992K, reserved 1048576K
}
Event: 10.152 GC heap after
{Heap after GC invocations=15 (full 0):
 garbage-first heap   total 61440K, used 17263K [0x00000000c2800000, 0x0000000100000000)
  region size 1024K, 3 young (3072K), 3 survivors (3072K)
 Metaspace       used 34732K, capacity 35827K, committed 35888K, reserved 1081344K
  class space    used 4536K, capacity 4976K, committed 4992K, reserved 1048576K
}
Event: 12.341 GC heap before
{Heap before GC invocations=16 (full 0):
 garbage-first heap   total 61440K, used 49007K [0x00000000c2800000, 0x0000000100000000)
  region size 1024K, 34 young (34816K), 3 survivors (3072K)
 Metaspace       used 40497K, capacity 41638K, committed 41756K, reserved 1085440K
  class space    used 5215K, capacity 5652K, committed 5740K, reserved 1048576K
}
Event: 12.353 GC heap after
{Heap after GC invocations=17 (full 0):
 garbage-first heap   total 73728K, used 20178K [0x00000000c2800000, 0x0000000100000000)
  region size 1024K, 5 young (5120K), 5 survivors (5120K)
 Metaspace       used 40497K, capacity 41638K, committed 41756K, reserved 1085440K
  class space    used 5215K, capacity 5652K, committed 5740K, reserved 1048576K
}
Event: 19.304 GC heap before
{Heap before GC invocations=18 (full 0):
 garbage-first heap   total 73728K, used 56018K [0x00000000c2800000, 0x0000000100000000)
  region size 1024K, 41 young (41984K), 5 survivors (5120K)
 Metaspace       used 45993K, capacity 47231K, committed 47388K, reserved 1089536K
  class space    used 5948K, capacity 6406K, committed 6508K, reserved 1048576K
}
Event: 19.332 GC heap after
{Heap after GC invocations=19 (full 0):
 garbage-first heap   total 73728K, used 21701K [0x00000000c2800000, 0x0000000100000000)
  region size 1024K, 5 young (5120K), 5 survivors (5120K)
 Metaspace       used 45993K, capacity 47231K, committed 47388K, reserved 1089536K
  class space    used 5948K, capacity 6406K, committed 6508K, reserved 1048576K
}
Event: 86.390 GC heap before
{Heap before GC invocations=19 (full 0):
 garbage-first heap   total 73728K, used 56517K [0x00000000c2800000, 0x0000000100000000)
  region size 1024K, 39 young (39936K), 5 survivors (5120K)
 Metaspace       used 49754K, capacity 51017K, committed 51228K, reserved 1093632K
  class space    used 6475K, capacity 6942K, committed 7020K, reserved 1048576K
}
Event: 86.402 GC heap after
{Heap after GC invocations=20 (full 0):
 garbage-first heap   total 73728K, used 22482K [0x00000000c2800000, 0x0000000100000000)
  region size 1024K, 2 young (2048K), 2 survivors (2048K)
 Metaspace       used 49754K, capacity 51017K, committed 51228K, reserved 1093632K
  class space    used 6475K, capacity 6942K, committed 7020K, reserved 1048576K
}
Event: 87.536 GC heap before
{Heap before GC invocations=20 (full 0):
 garbage-first heap   total 73728K, used 57298K [0x00000000c2800000, 0x0000000100000000)
  region size 1024K, 36 young (36864K), 2 survivors (2048K)
 Metaspace       used 49778K, capacity 51017K, committed 51228K, reserved 1093632K
  class space    used 6475K, capacity 6942K, committed 7020K, reserved 1048576K
}
Event: 87.558 GC heap after
{Heap after GC invocations=21 (full 0):
 garbage-first heap   total 73728K, used 24392K [0x00000000c2800000, 0x0000000100000000)
  region size 1024K, 4 young (4096K), 4 survivors (4096K)
 Metaspace       used 49778K, capacity 51017K, committed 51228K, reserved 1093632K
  class space    used 6475K, capacity 6942K, committed 7020K, reserved 1048576K
}
Event: 90.041 GC heap before
{Heap before GC invocations=21 (full 0):
 garbage-first heap   total 73728K, used 58184K [0x00000000c2800000, 0x0000000100000000)
  region size 1024K, 37 young (37888K), 4 survivors (4096K)
 Metaspace       used 52201K, capacity 53504K, committed 53660K, reserved 1095680K
  class space    used 6770K, capacity 7279K, committed 7404K, reserved 1048576K
}
Event: 90.048 GC heap after
{Heap after GC invocations=22 (full 0):
 garbage-first heap   total 73728K, used 23099K [0x00000000c2800000, 0x0000000100000000)
  region size 1024K, 2 young (2048K), 2 survivors (2048K)
 Metaspace       used 52201K, capacity 53504K, committed 53660K, reserved 1095680K
  class space    used 6770K, capacity 7279K, committed 7404K, reserved 1048576K
}
Event: 91.659 GC heap before
{Heap before GC invocations=22 (full 0):
 garbage-first heap   total 73728K, used 57915K [0x00000000c2800000, 0x0000000100000000)
  region size 1024K, 36 young (36864K), 2 survivors (2048K)
 Metaspace       used 53530K, capacity 55020K, committed 55068K, reserved 1097728K
  class space    used 6924K, capacity 7494K, committed 7532K, reserved 1048576K
}
Event: 91.667 GC heap after
{Heap after GC invocations=23 (full 0):
 garbage-first heap   total 73728K, used 23908K [0x00000000c2800000, 0x0000000100000000)
  region size 1024K, 3 young (3072K), 3 survivors (3072K)
 Metaspace       used 53530K, capacity 55020K, committed 55068K, reserved 1097728K
  class space    used 6924K, capacity 7494K, committed 7532K, reserved 1048576K
}
Event: 94.134 GC heap before
{Heap before GC invocations=23 (full 0):
 garbage-first heap   total 73728K, used 58724K [0x00000000c2800000, 0x0000000100000000)
  region size 1024K, 37 young (37888K), 3 survivors (3072K)
 Metaspace       used 55700K, capacity 57229K, committed 57500K, reserved 1099776K
  class space    used 7206K, capacity 7794K, committed 7916K, reserved 1048576K
}
Event: 94.147 GC heap after
{Heap after GC invocations=24 (full 0):
 garbage-first heap   total 73728K, used 25840K [0x00000000c2800000, 0x0000000100000000)
  region size 1024K, 5 young (5120K), 5 survivors (5120K)
 Metaspace       used 55700K, capacity 57229K, committed 57500K, reserved 1099776K
  class space    used 7206K, capacity 7794K, committed 7916K, reserved 1048576K
}
Event: 216.814 GC heap before
{Heap before GC invocations=24 (full 0):
 garbage-first heap   total 73728K, used 58608K [0x00000000c2800000, 0x0000000100000000)
  region size 1024K, 37 young (37888K), 5 survivors (5120K)
 Metaspace       used 57035K, capacity 58674K, committed 58908K, reserved 1099776K
  class space    used 7357K, capacity 7972K, committed 8044K, reserved 1048576K
}
Event: 216.839 GC heap after
{Heap after GC invocations=25 (full 0):
 garbage-first heap   total 73728K, used 27034K [0x00000000c2800000, 0x0000000100000000)
  region size 1024K, 4 young (4096K), 4 survivors (4096K)
 Metaspace       used 57035K, capacity 58674K, committed 58908K, reserved 1099776K
  class space    used 7357K, capacity 7972K, committed 8044K, reserved 1048576K
}
Event: 639.420 GC heap before
{Heap before GC invocations=25 (full 0):
 garbage-first heap   total 73728K, used 57754K [0x00000000c2800000, 0x0000000100000000)
  region size 1024K, 35 young (35840K), 4 survivors (4096K)
 Metaspace       used 60216K, capacity 61915K, committed 62108K, reserved 1103872K
  class space    used 7750K, capacity 8390K, committed 8428K, reserved 1048576K
}

