# JRE version: Java(TM) SE Runtime Environment (14.0.2+12) (build 14.0.2+12-46)
# Java VM: Java HotSpot(TM) 64-Bit Server VM (14.0.2+12-46, mixed mode, sharing, tiered, compressed oops, parallel gc, windows-amd64)
Heap:
 PSYoungGen      total 25088K, used 3872K [0x00000000eab00000, 0x00000000ecf80000, 0x0000000100000000)
  eden space 20992K, 0% used [0x00000000eab00000,0x00000000eab00000,0x00000000ebf80000)
  from space 4096K, 94% used [0x00000000ebf80000,0x00000000ec348000,0x00000000ec380000)
  to   space 8192K, 0% used [0x00000000ec780000,0x00000000ec780000,0x00000000ecf80000)
 ParOldGen       total 84992K, used 81614K [0x00000000c0000000, 0x00000000c5300000, 0x00000000eab00000)
  object space 84992K, 96% used [0x00000000c0000000,0x00000000c4fb3af8,0x00000000c5300000)
 Metaspace       used 51310K, capacity 54153K, committed 54360K, reserved 1097728K
  class space    used 5675K, capacity 6627K, committed 6744K, reserved 1048576K
GC Heap History (20 events):
Event: 107.431 GC heap after
{Heap after GC invocations=12 (full 2):
 PSYoungGen      total 27648K, used 4457K [0x00000000eab00000, 0x00000000ecb80000, 0x0000000100000000)
  eden space 23040K, 0% used [0x00000000eab00000,0x00000000eab00000,0x00000000ec180000)
  from space 4608K, 96% used [0x00000000ec700000,0x00000000ecb5a408,0x00000000ecb80000)
  to   space 4608K, 0% used [0x00000000ec280000,0x00000000ec280000,0x00000000ec700000)
 ParOldGen       total 68608K, used 20692K [0x00000000c0000000, 0x00000000c4300000, 0x00000000eab00000)
  object space 68608K, 30% used [0x00000000c0000000,0x00000000c1435360,0x00000000c4300000)
 Metaspace       used 44341K, capacity 46720K, committed 47064K, reserved 1091584K
  class space    used 4891K, capacity 5735K, committed 5848K, reserved 1048576K
}
Event: 107.632 GC heap before
{Heap before GC invocations=13 (full 2):
 PSYoungGen      total 27648K, used 27497K [0x00000000eab00000, 0x00000000ecb80000, 0x0000000100000000)
  eden space 23040K, 100% used [0x00000000eab00000,0x00000000ec180000,0x00000000ec180000)
  from space 4608K, 96% used [0x00000000ec700000,0x00000000ecb5a408,0x00000000ecb80000)
  to   space 4608K, 0% used [0x00000000ec280000,0x00000000ec280000,0x00000000ec700000)
 ParOldGen       total 68608K, used 20692K [0x00000000c0000000, 0x00000000c4300000, 0x00000000eab00000)
  object space 68608K, 30% used [0x00000000c0000000,0x00000000c1435360,0x00000000c4300000)
 Metaspace       used 44524K, capacity 46912K, committed 47064K, reserved 1091584K
  class space    used 4926K, capacity 5799K, committed 5848K, reserved 1048576K
}
Event: 107.647 GC heap after
{Heap after GC invocations=13 (full 2):
 PSYoungGen      total 25600K, used 2720K [0x00000000eab00000, 0x00000000ec800000, 0x0000000100000000)
  eden space 22528K, 0% used [0x00000000eab00000,0x00000000eab00000,0x00000000ec100000)
  from space 3072K, 88% used [0x00000000ec280000,0x00000000ec528010,0x00000000ec580000)
  to   space 2560K, 0% used [0x00000000ec580000,0x00000000ec580000,0x00000000ec800000)
 ParOldGen       total 68608K, used 25069K [0x00000000c0000000, 0x00000000c4300000, 0x00000000eab00000)
  object space 68608K, 36% used [0x00000000c0000000,0x00000000c187b7d0,0x00000000c4300000)
 Metaspace       used 44524K, capacity 46912K, committed 47064K, reserved 1091584K
  class space    used 4926K, capacity 5799K, committed 5848K, reserved 1048576K
}
Event: 107.776 GC heap before
{Heap before GC invocations=14 (full 2):
 PSYoungGen      total 25600K, used 25248K [0x00000000eab00000, 0x00000000ec800000, 0x0000000100000000)
  eden space 22528K, 100% used [0x00000000eab00000,0x00000000ec100000,0x00000000ec100000)
  from space 3072K, 88% used [0x00000000ec280000,0x00000000ec528010,0x00000000ec580000)
  to   space 2560K, 0% used [0x00000000ec580000,0x00000000ec580000,0x00000000ec800000)
 ParOldGen       total 68608K, used 25069K [0x00000000c0000000, 0x00000000c4300000, 0x00000000eab00000)
  object space 68608K, 36% used [0x00000000c0000000,0x00000000c187b7d0,0x00000000c4300000)
 Metaspace       used 44622K, capacity 46976K, committed 47064K, reserved 1091584K
  class space    used 4948K, capacity 5799K, committed 5848K, reserved 1048576K
}
Event: 107.784 GC heap after
{Heap after GC invocations=14 (full 2):
 PSYoungGen      total 23552K, used 2528K [0x00000000eab00000, 0x00000000ecc80000, 0x0000000100000000)
  eden space 20992K, 0% used [0x00000000eab00000,0x00000000eab00000,0x00000000ebf80000)
  from space 2560K, 98% used [0x00000000ec580000,0x00000000ec7f8010,0x00000000ec800000)
  to   space 6144K, 0% used [0x00000000ebf80000,0x00000000ebf80000,0x00000000ec580000)
 ParOldGen       total 68608K, used 27811K [0x00000000c0000000, 0x00000000c4300000, 0x00000000eab00000)
  object space 68608K, 40% used [0x00000000c0000000,0x00000000c1b28d30,0x00000000c4300000)
 Metaspace       used 44622K, capacity 46976K, committed 47064K, reserved 1091584K
  class space    used 4948K, capacity 5799K, committed 5848K, reserved 1048576K
}
Event: 108.234 GC heap before
{Heap before GC invocations=15 (full 2):
 PSYoungGen      total 23552K, used 23520K [0x00000000eab00000, 0x00000000ecc80000, 0x0000000100000000)
  eden space 20992K, 100% used [0x00000000eab00000,0x00000000ebf80000,0x00000000ebf80000)
  from space 2560K, 98% used [0x00000000ec580000,0x00000000ec7f8010,0x00000000ec800000)
  to   space 6144K, 0% used [0x00000000ebf80000,0x00000000ebf80000,0x00000000ec580000)
 ParOldGen       total 68608K, used 27811K [0x00000000c0000000, 0x00000000c4300000, 0x00000000eab00000)
  object space 68608K, 40% used [0x00000000c0000000,0x00000000c1b28d30,0x00000000c4300000)
 Metaspace       used 44907K, capacity 47278K, committed 47448K, reserved 1091584K
  class space    used 4967K, capacity 5835K, committed 5976K, reserved 1048576K
}
Event: 108.251 GC heap after
{Heap after GC invocations=15 (full 2):
 PSYoungGen      total 24576K, used 3168K [0x00000000eab00000, 0x00000000ec780000, 0x0000000100000000)
  eden space 20992K, 0% used [0x00000000eab00000,0x00000000eab00000,0x00000000ebf80000)
  from space 3584K, 88% used [0x00000000ebf80000,0x00000000ec298000,0x00000000ec300000)
  to   space 4096K, 0% used [0x00000000ec380000,0x00000000ec380000,0x00000000ec780000)
 ParOldGen       total 68608K, used 30345K [0x00000000c0000000, 0x00000000c4300000, 0x00000000eab00000)
  object space 68608K, 44% used [0x00000000c0000000,0x00000000c1da25c0,0x00000000c4300000)
 Metaspace       used 44907K, capacity 47278K, committed 47448K, reserved 1091584K
  class space    used 4967K, capacity 5835K, committed 5976K, reserved 1048576K
}
Event: 112.316 GC heap before
{Heap before GC invocations=16 (full 2):
 PSYoungGen      total 24576K, used 24160K [0x00000000eab00000, 0x00000000ec780000, 0x0000000100000000)
  eden space 20992K, 100% used [0x00000000eab00000,0x00000000ebf80000,0x00000000ebf80000)
  from space 3584K, 88% used [0x00000000ebf80000,0x00000000ec298000,0x00000000ec300000)
  to   space 4096K, 0% used [0x00000000ec380000,0x00000000ec380000,0x00000000ec780000)
 ParOldGen       total 68608K, used 30345K [0x00000000c0000000, 0x00000000c4300000, 0x00000000eab00000)
  object space 68608K, 44% used [0x00000000c0000000,0x00000000c1da25c0,0x00000000c4300000)
 Metaspace       used 47016K, capacity 49413K, committed 49496K, reserved 1093632K
  class space    used 5189K, capacity 6161K, committed 6232K, reserved 1048576K
}
Event: 112.328 GC heap after
{Heap after GC invocations=16 (full 2):
 PSYoungGen      total 23552K, used 2148K [0x00000000eab00000, 0x00000000ec600000, 0x0000000100000000)
  eden space 20992K, 0% used [0x00000000eab00000,0x00000000eab00000,0x00000000ebf80000)
  from space 2560K, 83% used [0x00000000ec380000,0x00000000ec599140,0x00000000ec600000)
  to   space 3072K, 0% used [0x00000000ec000000,0x00000000ec000000,0x00000000ec300000)
 ParOldGen       total 68608K, used 33497K [0x00000000c0000000, 0x00000000c4300000, 0x00000000eab00000)
  object space 68608K, 48% used [0x00000000c0000000,0x00000000c20b65c0,0x00000000c4300000)
 Metaspace       used 47016K, capacity 49413K, committed 49496K, reserved 1093632K
  class space    used 5189K, capacity 6161K, committed 6232K, reserved 1048576K
}
Event: 114.097 GC heap before
{Heap before GC invocations=17 (full 2):
 PSYoungGen      total 23552K, used 22205K [0x00000000eab00000, 0x00000000ec600000, 0x0000000100000000)
  eden space 20992K, 95% used [0x00000000eab00000,0x00000000ebe96500,0x00000000ebf80000)
  from space 2560K, 83% used [0x00000000ec380000,0x00000000ec599140,0x00000000ec600000)
  to   space 3072K, 0% used [0x00000000ec000000,0x00000000ec000000,0x00000000ec300000)
 ParOldGen       total 68608K, used 33497K [0x00000000c0000000, 0x00000000c4300000, 0x00000000eab00000)
  object space 68608K, 48% used [0x00000000c0000000,0x00000000c20b65c0,0x00000000c4300000)
 Metaspace       used 50829K, capacity 53552K, committed 53848K, reserved 1095680K
  class space    used 5632K, capacity 6621K, committed 6744K, reserved 1048576K
}
Event: 114.121 GC heap after
{Heap after GC invocations=17 (full 2):
 PSYoungGen      total 24064K, used 3071K [0x00000000eab00000, 0x00000000ed580000, 0x0000000100000000)
  eden space 20992K, 0% used [0x00000000eab00000,0x00000000eab00000,0x00000000ebf80000)
  from space 3072K, 99% used [0x00000000ec000000,0x00000000ec2ffe58,0x00000000ec300000)
  to   space 11264K, 0% used [0x00000000eca80000,0x00000000eca80000,0x00000000ed580000)
 ParOldGen       total 68608K, used 40188K [0x00000000c0000000, 0x00000000c4300000, 0x00000000eab00000)
  object space 68608K, 58% used [0x00000000c0000000,0x00000000c273f090,0x00000000c4300000)
 Metaspace       used 50829K, capacity 53552K, committed 53848K, reserved 1095680K
  class space    used 5632K, capacity 6621K, committed 6744K, reserved 1048576K
}
Event: 114.570 GC heap before
{Heap before GC invocations=18 (full 3):
 PSYoungGen      total 24064K, used 24063K [0x00000000eab00000, 0x00000000ed580000, 0x0000000100000000)
  eden space 20992K, 100% used [0x00000000eab00000,0x00000000ebf80000,0x00000000ebf80000)
  from space 3072K, 99% used [0x00000000ec000000,0x00000000ec2ffe58,0x00000000ec300000)
  to   space 11264K, 0% used [0x00000000eca80000,0x00000000eca80000,0x00000000ed580000)
 ParOldGen       total 79872K, used 77526K [0x00000000c0000000, 0x00000000c4e00000, 0x00000000eab00000)
  object space 79872K, 97% used [0x00000000c0000000,0x00000000c4bb5be0,0x00000000c4e00000)
 Metaspace       used 50950K, capacity 53747K, committed 54104K, reserved 1097728K
  class space    used 5650K, capacity 6622K, committed 6744K, reserved 1048576K
}
Event: 114.999 GC heap after
{Heap after GC invocations=18 (full 3):
 PSYoungGen      total 32256K, used 0K [0x00000000eab00000, 0x00000000ed580000, 0x0000000100000000)
  eden space 20992K, 0% used [0x00000000eab00000,0x00000000eab00000,0x00000000ebf80000)
  from space 11264K, 0% used [0x00000000eca80000,0x00000000eca80000,0x00000000ed580000)
  to   space 11264K, 0% used [0x00000000ebf80000,0x00000000ebf80000,0x00000000eca80000)
 ParOldGen       total 84992K, used 52278K [0x00000000c0000000, 0x00000000c5300000, 0x00000000eab00000)
  object space 84992K, 61% used [0x00000000c0000000,0x00000000c330daf8,0x00000000c5300000)
 Metaspace       used 50950K, capacity 53747K, committed 54104K, reserved 1097728K
  class space    used 5650K, capacity 6622K, committed 6744K, reserved 1048576K
}
Event: 115.102 GC heap before
{Heap before GC invocations=19 (full 3):
 PSYoungGen      total 32256K, used 20992K [0x00000000eab00000, 0x00000000ed580000, 0x0000000100000000)
  eden space 20992K, 100% used [0x00000000eab00000,0x00000000ebf80000,0x00000000ebf80000)
  from space 11264K, 0% used [0x00000000eca80000,0x00000000eca80000,0x00000000ed580000)
  to   space 11264K, 0% used [0x00000000ebf80000,0x00000000ebf80000,0x00000000eca80000)
 ParOldGen       total 84992K, used 52278K [0x00000000c0000000, 0x00000000c5300000, 0x00000000eab00000)
  object space 84992K, 61% used [0x00000000c0000000,0x00000000c330daf8,0x00000000c5300000)
 Metaspace       used 50960K, capacity 53761K, committed 54104K, reserved 1097728K
  class space    used 5652K, capacity 6624K, committed 6744K, reserved 1048576K
}
Event: 115.129 GC heap after
{Heap after GC invocations=19 (full 3):
 PSYoungGen      total 32256K, used 11264K [0x00000000eab00000, 0x00000000ede80000, 0x0000000100000000)
  eden space 20992K, 0% used [0x00000000eab00000,0x00000000eab00000,0x00000000ebf80000)
  from space 11264K, 100% used [0x00000000ebf80000,0x00000000eca80000,0x00000000eca80000)
  to   space 15872K, 0% used [0x00000000ecf00000,0x00000000ecf00000,0x00000000ede80000)
 ParOldGen       total 84992K, used 55670K [0x00000000c0000000, 0x00000000c5300000, 0x00000000eab00000)
  object space 84992K, 65% used [0x00000000c0000000,0x00000000c365daf8,0x00000000c5300000)
 Metaspace       used 50960K, capacity 53761K, committed 54104K, reserved 1097728K
  class space    used 5652K, capacity 6624K, committed 6744K, reserved 1048576K
}
Event: 115.229 GC heap before
{Heap before GC invocations=20 (full 3):
 PSYoungGen      total 32256K, used 32256K [0x00000000eab00000, 0x00000000ede80000, 0x0000000100000000)
  eden space 20992K, 100% used [0x00000000eab00000,0x00000000ebf80000,0x00000000ebf80000)
  from space 11264K, 100% used [0x00000000ebf80000,0x00000000eca80000,0x00000000eca80000)
  to   space 15872K, 0% used [0x00000000ecf00000,0x00000000ecf00000,0x00000000ede80000)
 ParOldGen       total 84992K, used 55670K [0x00000000c0000000, 0x00000000c5300000, 0x00000000eab00000)
  object space 84992K, 65% used [0x00000000c0000000,0x00000000c365daf8,0x00000000c5300000)
 Metaspace       used 50960K, capacity 53761K, committed 54104K, reserved 1097728K
  class space    used 5652K, capacity 6624K, committed 6744K, reserved 1048576K
}
Event: 115.276 GC heap after
{Heap after GC invocations=20 (full 3):
 PSYoungGen      total 35840K, used 14624K [0x00000000eab00000, 0x00000000edd80000, 0x0000000100000000)
  eden space 20992K, 0% used [0x00000000eab00000,0x00000000eab00000,0x00000000ebf80000)
  from space 14848K, 98% used [0x00000000ecf00000,0x00000000edd48000,0x00000000edd80000)
  to   space 15360K, 0% used [0x00000000ebf80000,0x00000000ebf80000,0x00000000ece80000)
 ParOldGen       total 84992K, used 66982K [0x00000000c0000000, 0x00000000c5300000, 0x00000000eab00000)
  object space 84992K, 78% used [0x00000000c0000000,0x00000000c4169af8,0x00000000c5300000)
 Metaspace       used 50960K, capacity 53761K, committed 54104K, reserved 1097728K
  class space    used 5652K, capacity 6624K, committed 6744K, reserved 1048576K
}
Event: 117.570 GC heap before
{Heap before GC invocations=21 (full 3):
 PSYoungGen      total 35840K, used 35616K [0x00000000eab00000, 0x00000000edd80000, 0x0000000100000000)
  eden space 20992K, 100% used [0x00000000eab00000,0x00000000ebf80000,0x00000000ebf80000)
  from space 14848K, 98% used [0x00000000ecf00000,0x00000000edd48000,0x00000000edd80000)
  to   space 15360K, 0% used [0x00000000ebf80000,0x00000000ebf80000,0x00000000ece80000)
 ParOldGen       total 84992K, used 66982K [0x00000000c0000000, 0x00000000c5300000, 0x00000000eab00000)
  object space 84992K, 78% used [0x00000000c0000000,0x00000000c4169af8,0x00000000c5300000)
 Metaspace       used 51310K, capacity 54153K, committed 54360K, reserved 1097728K
  class space    used 5675K, capacity 6627K, committed 6744K, reserved 1048576K
}
Event: 117.607 GC heap after
{Heap after GC invocations=21 (full 3):
 PSYoungGen      total 25088K, used 3872K [0x00000000eab00000, 0x00000000ecf80000, 0x0000000100000000)
  eden space 20992K, 0% used [0x00000000eab00000,0x00000000eab00000,0x00000000ebf80000)
  from space 4096K, 94% used [0x00000000ebf80000,0x00000000ec348000,0x00000000ec380000)
  to   space 8192K, 0% used [0x00000000ec780000,0x00000000ec780000,0x00000000ecf80000)
 ParOldGen       total 84992K, used 81614K [0x00000000c0000000, 0x00000000c5300000, 0x00000000eab00000)
  object space 84992K, 96% used [0x00000000c0000000,0x00000000c4fb3af8,0x00000000c5300000)
 Metaspace       used 51310K, capacity 54153K, committed 54360K, reserved 1097728K
  class space    used 5675K, capacity 6627K, committed 6744K, reserved 1048576K
}
Event: 117.607 GC heap before
{Heap before GC invocations=22 (full 4):
 PSYoungGen      total 25088K, used 3872K [0x00000000eab00000, 0x00000000ecf80000, 0x0000000100000000)
  eden space 20992K, 0% used [0x00000000eab00000,0x00000000eab00000,0x00000000ebf80000)
  from space 4096K, 94% used [0x00000000ebf80000,0x00000000ec348000,0x00000000ec380000)
  to   space 8192K, 0% used [0x00000000ec780000,0x00000000ec780000,0x00000000ecf80000)
 ParOldGen       total 84992K, used 81614K [0x00000000c0000000, 0x00000000c5300000, 0x00000000eab00000)
  object space 84992K, 96% used [0x00000000c0000000,0x00000000c4fb3af8,0x00000000c5300000)
 Metaspace       used 51310K, capacity 54153K, committed 54360K, reserved 1097728K
  class space    used 5675K, capacity 6627K, committed 6744K, reserved 1048576K
}

