# JRE version: Java(TM) SE Runtime Environment (14.0.2+12) (build 14.0.2+12-46)
# Java VM: Java HotSpot(TM) 64-Bit Server VM (14.0.2+12-46, mixed mode, sharing, tiered, compressed oops, parallel gc, windows-amd64)
Heap:
 PSYoungGen      total 6144K, used 2356K [0x00000000eab00000, 0x00000000eb580000, 0x0000000100000000)
  eden space 3584K, 0% used [0x00000000eab00000,0x00000000eab00000,0x00000000eae80000)
  from space 2560K, 92% used [0x00000000eb300000,0x00000000eb54d200,0x00000000eb580000)
  to   space 3072K, 0% used [0x00000000eaf80000,0x00000000eaf80000,0x00000000eb280000)
 ParOldGen       total 173056K, used 171537K [0x00000000c0000000, 0x00000000ca900000, 0x00000000eab00000)
  object space 173056K, 99% used [0x00000000c0000000,0x00000000ca7844f8,0x00000000ca900000)
 Metaspace       used 76458K, capacity 80097K, committed 80384K, reserved 1120256K
  class space    used 7516K, capacity 8898K, committed 8960K, reserved 1048576K
GC Heap History (20 events):
Event: 13829.300 GC heap after
{Heap after GC invocations=2607 (full 45):
 PSYoungGen      total 6144K, used 1018K [0x00000000eab00000, 0x00000000eb480000, 0x0000000100000000)
  eden space 4096K, 0% used [0x00000000eab00000,0x00000000eab00000,0x00000000eaf00000)
  from space 2048K, 49% used [0x00000000eb080000,0x00000000eb17e900,0x00000000eb280000)
  to   space 1536K, 0% used [0x00000000eb300000,0x00000000eb300000,0x00000000eb480000)
 ParOldGen       total 173056K, used 161904K [0x00000000c0000000, 0x00000000ca900000, 0x00000000eab00000)
  object space 173056K, 93% used [0x00000000c0000000,0x00000000c9e1c3b8,0x00000000ca900000)
 Metaspace       used 76458K, capacity 80097K, committed 80384K, reserved 1120256K
  class space    used 7516K, capacity 8898K, committed 8960K, reserved 1048576K
}
Event: 13829.344 GC heap before
{Heap before GC invocations=2608 (full 45):
 PSYoungGen      total 6144K, used 5114K [0x00000000eab00000, 0x00000000eb480000, 0x0000000100000000)
  eden space 4096K, 100% used [0x00000000eab00000,0x00000000eaf00000,0x00000000eaf00000)
  from space 2048K, 49% used [0x00000000eb080000,0x00000000eb17e900,0x00000000eb280000)
  to   space 1536K, 0% used [0x00000000eb300000,0x00000000eb300000,0x00000000eb480000)
 ParOldGen       total 173056K, used 161904K [0x00000000c0000000, 0x00000000ca900000, 0x00000000eab00000)
  object space 173056K, 93% used [0x00000000c0000000,0x00000000c9e1c3b8,0x00000000ca900000)
 Metaspace       used 76458K, capacity 80097K, committed 80384K, reserved 1120256K
  class space    used 7516K, capacity 8898K, committed 8960K, reserved 1048576K
}
Event: 13829.349 GC heap after
{Heap after GC invocations=2608 (full 45):
 PSYoungGen      total 5632K, used 1423K [0x00000000eab00000, 0x00000000eb480000, 0x0000000100000000)
  eden space 4096K, 0% used [0x00000000eab00000,0x00000000eab00000,0x00000000eaf00000)
  from space 1536K, 92% used [0x00000000eb300000,0x00000000eb463c08,0x00000000eb480000)
  to   space 1536K, 0% used [0x00000000eb180000,0x00000000eb180000,0x00000000eb300000)
 ParOldGen       total 173056K, used 162773K [0x00000000c0000000, 0x00000000ca900000, 0x00000000eab00000)
  object space 173056K, 94% used [0x00000000c0000000,0x00000000c9ef55b8,0x00000000ca900000)
 Metaspace       used 76458K, capacity 80097K, committed 80384K, reserved 1120256K
  class space    used 7516K, capacity 8898K, committed 8960K, reserved 1048576K
}
Event: 13829.515 GC heap before
{Heap before GC invocations=2609 (full 45):
 PSYoungGen      total 5632K, used 5519K [0x00000000eab00000, 0x00000000eb480000, 0x0000000100000000)
  eden space 4096K, 100% used [0x00000000eab00000,0x00000000eaf00000,0x00000000eaf00000)
  from space 1536K, 92% used [0x00000000eb300000,0x00000000eb463c08,0x00000000eb480000)
  to   space 1536K, 0% used [0x00000000eb180000,0x00000000eb180000,0x00000000eb300000)
 ParOldGen       total 173056K, used 162773K [0x00000000c0000000, 0x00000000ca900000, 0x00000000eab00000)
  object space 173056K, 94% used [0x00000000c0000000,0x00000000c9ef55b8,0x00000000ca900000)
 Metaspace       used 76458K, capacity 80097K, committed 80384K, reserved 1120256K
  class space    used 7516K, capacity 8898K, committed 8960K, reserved 1048576K
}
Event: 13829.521 GC heap after
{Heap after GC invocations=2609 (full 45):
 PSYoungGen      total 5120K, used 791K [0x00000000eab00000, 0x00000000eb380000, 0x0000000100000000)
  eden space 4096K, 0% used [0x00000000eab00000,0x00000000eab00000,0x00000000eaf00000)
  from space 1024K, 77% used [0x00000000eb180000,0x00000000eb245e38,0x00000000eb280000)
  to   space 1024K, 0% used [0x00000000eb280000,0x00000000eb280000,0x00000000eb380000)
 ParOldGen       total 173056K, used 164161K [0x00000000c0000000, 0x00000000ca900000, 0x00000000eab00000)
  object space 173056K, 94% used [0x00000000c0000000,0x00000000ca050740,0x00000000ca900000)
 Metaspace       used 76458K, capacity 80097K, committed 80384K, reserved 1120256K
  class space    used 7516K, capacity 8898K, committed 8960K, reserved 1048576K
}
Event: 13829.576 GC heap before
{Heap before GC invocations=2610 (full 45):
 PSYoungGen      total 5120K, used 4887K [0x00000000eab00000, 0x00000000eb380000, 0x0000000100000000)
  eden space 4096K, 100% used [0x00000000eab00000,0x00000000eaf00000,0x00000000eaf00000)
  from space 1024K, 77% used [0x00000000eb180000,0x00000000eb245e38,0x00000000eb280000)
  to   space 1024K, 0% used [0x00000000eb280000,0x00000000eb280000,0x00000000eb380000)
 ParOldGen       total 173056K, used 164161K [0x00000000c0000000, 0x00000000ca900000, 0x00000000eab00000)
  object space 173056K, 94% used [0x00000000c0000000,0x00000000ca050740,0x00000000ca900000)
 Metaspace       used 76458K, capacity 80097K, committed 80384K, reserved 1120256K
  class space    used 7516K, capacity 8898K, committed 8960K, reserved 1048576K
}
Event: 13829.581 GC heap after
{Heap after GC invocations=2610 (full 45):
 PSYoungGen      total 5120K, used 1015K [0x00000000eab00000, 0x00000000eb400000, 0x0000000100000000)
  eden space 4096K, 0% used [0x00000000eab00000,0x00000000eab00000,0x00000000eaf00000)
  from space 1024K, 99% used [0x00000000eb280000,0x00000000eb37de38,0x00000000eb380000)
  to   space 2560K, 0% used [0x00000000eaf00000,0x00000000eaf00000,0x00000000eb180000)
 ParOldGen       total 173056K, used 165232K [0x00000000c0000000, 0x00000000ca900000, 0x00000000eab00000)
  object space 173056K, 95% used [0x00000000c0000000,0x00000000ca15c368,0x00000000ca900000)
 Metaspace       used 76458K, capacity 80097K, committed 80384K, reserved 1120256K
  class space    used 7516K, capacity 8898K, committed 8960K, reserved 1048576K
}
Event: 13829.656 GC heap before
{Heap before GC invocations=2611 (full 45):
 PSYoungGen      total 5120K, used 5111K [0x00000000eab00000, 0x00000000eb400000, 0x0000000100000000)
  eden space 4096K, 100% used [0x00000000eab00000,0x00000000eaf00000,0x00000000eaf00000)
  from space 1024K, 99% used [0x00000000eb280000,0x00000000eb37de38,0x00000000eb380000)
  to   space 2560K, 0% used [0x00000000eaf00000,0x00000000eaf00000,0x00000000eb180000)
 ParOldGen       total 173056K, used 165232K [0x00000000c0000000, 0x00000000ca900000, 0x00000000eab00000)
  object space 173056K, 95% used [0x00000000c0000000,0x00000000ca15c368,0x00000000ca900000)
 Metaspace       used 76458K, capacity 80097K, committed 80384K, reserved 1120256K
  class space    used 7516K, capacity 8898K, committed 8960K, reserved 1048576K
}
Event: 13829.659 GC heap after
{Heap after GC invocations=2611 (full 45):
 PSYoungGen      total 6656K, used 781K [0x00000000eab00000, 0x00000000eb300000, 0x0000000100000000)
  eden space 4096K, 0% used [0x00000000eab00000,0x00000000eab00000,0x00000000eaf00000)
  from space 2560K, 30% used [0x00000000eaf00000,0x00000000eafc3548,0x00000000eb180000)
  to   space 1536K, 0% used [0x00000000eb180000,0x00000000eb180000,0x00000000eb300000)
 ParOldGen       total 173056K, used 165620K [0x00000000c0000000, 0x00000000ca900000, 0x00000000eab00000)
  object space 173056K, 95% used [0x00000000c0000000,0x00000000ca1bd388,0x00000000ca900000)
 Metaspace       used 76458K, capacity 80097K, committed 80384K, reserved 1120256K
  class space    used 7516K, capacity 8898K, committed 8960K, reserved 1048576K
}
Event: 13829.715 GC heap before
{Heap before GC invocations=2612 (full 45):
 PSYoungGen      total 6656K, used 4877K [0x00000000eab00000, 0x00000000eb300000, 0x0000000100000000)
  eden space 4096K, 100% used [0x00000000eab00000,0x00000000eaf00000,0x00000000eaf00000)
  from space 2560K, 30% used [0x00000000eaf00000,0x00000000eafc3548,0x00000000eb180000)
  to   space 1536K, 0% used [0x00000000eb180000,0x00000000eb180000,0x00000000eb300000)
 ParOldGen       total 173056K, used 165620K [0x00000000c0000000, 0x00000000ca900000, 0x00000000eab00000)
  object space 173056K, 95% used [0x00000000c0000000,0x00000000ca1bd388,0x00000000ca900000)
 Metaspace       used 76458K, capacity 80097K, committed 80384K, reserved 1120256K
  class space    used 7516K, capacity 8898K, committed 8960K, reserved 1048576K
}
Event: 13829.717 GC heap after
{Heap after GC invocations=2612 (full 45):
 PSYoungGen      total 4608K, used 282K [0x00000000eab00000, 0x00000000eb200000, 0x0000000100000000)
  eden space 4096K, 0% used [0x00000000eab00000,0x00000000eab00000,0x00000000eaf00000)
  from space 512K, 55% used [0x00000000eb180000,0x00000000eb1c6900,0x00000000eb200000)
  to   space 1024K, 0% used [0x00000000eb000000,0x00000000eb000000,0x00000000eb100000)
 ParOldGen       total 173056K, used 165636K [0x00000000c0000000, 0x00000000ca900000, 0x00000000eab00000)
  object space 173056K, 95% used [0x00000000c0000000,0x00000000ca1c1388,0x00000000ca900000)
 Metaspace       used 76458K, capacity 80097K, committed 80384K, reserved 1120256K
  class space    used 7516K, capacity 8898K, committed 8960K, reserved 1048576K
}
Event: 13829.762 GC heap before
{Heap before GC invocations=2613 (full 45):
 PSYoungGen      total 4608K, used 4378K [0x00000000eab00000, 0x00000000eb200000, 0x0000000100000000)
  eden space 4096K, 100% used [0x00000000eab00000,0x00000000eaf00000,0x00000000eaf00000)
  from space 512K, 55% used [0x00000000eb180000,0x00000000eb1c6900,0x00000000eb200000)
  to   space 1024K, 0% used [0x00000000eb000000,0x00000000eb000000,0x00000000eb100000)
 ParOldGen       total 173056K, used 165636K [0x00000000c0000000, 0x00000000ca900000, 0x00000000eab00000)
  object space 173056K, 95% used [0x00000000c0000000,0x00000000ca1c1388,0x00000000ca900000)
 Metaspace       used 76458K, capacity 80097K, committed 80384K, reserved 1120256K
  class space    used 7516K, capacity 8898K, committed 8960K, reserved 1048576K
}
Event: 13829.764 GC heap after
{Heap after GC invocations=2613 (full 45):
 PSYoungGen      total 5120K, used 330K [0x00000000eab00000, 0x00000000eb200000, 0x0000000100000000)
  eden space 4096K, 0% used [0x00000000eab00000,0x00000000eab00000,0x00000000eaf00000)
  from space 1024K, 32% used [0x00000000eb000000,0x00000000eb052910,0x00000000eb100000)
  to   space 512K, 0% used [0x00000000eb180000,0x00000000eb180000,0x00000000eb200000)
 ParOldGen       total 173056K, used 165652K [0x00000000c0000000, 0x00000000ca900000, 0x00000000eab00000)
  object space 173056K, 95% used [0x00000000c0000000,0x00000000ca1c5388,0x00000000ca900000)
 Metaspace       used 76458K, capacity 80097K, committed 80384K, reserved 1120256K
  class space    used 7516K, capacity 8898K, committed 8960K, reserved 1048576K
}
Event: 13830.000 GC heap before
{Heap before GC invocations=2614 (full 45):
 PSYoungGen      total 5120K, used 4426K [0x00000000eab00000, 0x00000000eb200000, 0x0000000100000000)
  eden space 4096K, 100% used [0x00000000eab00000,0x00000000eaf00000,0x00000000eaf00000)
  from space 1024K, 32% used [0x00000000eb000000,0x00000000eb052910,0x00000000eb100000)
  to   space 512K, 0% used [0x00000000eb180000,0x00000000eb180000,0x00000000eb200000)
 ParOldGen       total 173056K, used 165652K [0x00000000c0000000, 0x00000000ca900000, 0x00000000eab00000)
  object space 173056K, 95% used [0x00000000c0000000,0x00000000ca1c5388,0x00000000ca900000)
 Metaspace       used 76458K, capacity 80097K, committed 80384K, reserved 1120256K
  class space    used 7516K, capacity 8898K, committed 8960K, reserved 1048576K
}
Event: 13830.005 GC heap after
{Heap after GC invocations=2614 (full 45):
 PSYoungGen      total 4096K, used 490K [0x00000000eab00000, 0x00000000eb500000, 0x0000000100000000)
  eden space 3584K, 0% used [0x00000000eab00000,0x00000000eab00000,0x00000000eae80000)
  from space 512K, 95% used [0x00000000eb180000,0x00000000eb1fa8b8,0x00000000eb200000)
  to   space 3072K, 0% used [0x00000000eae80000,0x00000000eae80000,0x00000000eb180000)
 ParOldGen       total 173056K, used 167684K [0x00000000c0000000, 0x00000000ca900000, 0x00000000eab00000)
  object space 173056K, 96% used [0x00000000c0000000,0x00000000ca3c1340,0x00000000ca900000)
 Metaspace       used 76458K, capacity 80097K, committed 80384K, reserved 1120256K
  class space    used 7516K, capacity 8898K, committed 8960K, reserved 1048576K
}
Event: 13830.046 GC heap before
{Heap before GC invocations=2615 (full 45):
 PSYoungGen      total 4096K, used 4074K [0x00000000eab00000, 0x00000000eb500000, 0x0000000100000000)
  eden space 3584K, 100% used [0x00000000eab00000,0x00000000eae80000,0x00000000eae80000)
  from space 512K, 95% used [0x00000000eb180000,0x00000000eb1fa8b8,0x00000000eb200000)
  to   space 3072K, 0% used [0x00000000eae80000,0x00000000eae80000,0x00000000eb180000)
 ParOldGen       total 173056K, used 167684K [0x00000000c0000000, 0x00000000ca900000, 0x00000000eab00000)
  object space 173056K, 96% used [0x00000000c0000000,0x00000000ca3c1340,0x00000000ca900000)
 Metaspace       used 76458K, capacity 80097K, committed 80384K, reserved 1120256K
  class space    used 7516K, capacity 8898K, committed 8960K, reserved 1048576K
}
Event: 13830.053 GC heap after
{Heap after GC invocations=2615 (full 45):
 PSYoungGen      total 6656K, used 3072K [0x00000000eab00000, 0x00000000eb780000, 0x0000000100000000)
  eden space 3584K, 0% used [0x00000000eab00000,0x00000000eab00000,0x00000000eae80000)
  from space 3072K, 100% used [0x00000000eae80000,0x00000000eb180000,0x00000000eb180000)
  to   space 4608K, 0% used [0x00000000eb300000,0x00000000eb300000,0x00000000eb780000)
 ParOldGen       total 173056K, used 168417K [0x00000000c0000000, 0x00000000ca900000, 0x00000000eab00000)
  object space 173056K, 97% used [0x00000000c0000000,0x00000000ca4784f8,0x00000000ca900000)
 Metaspace       used 76458K, capacity 80097K, committed 80384K, reserved 1120256K
  class space    used 7516K, capacity 8898K, committed 8960K, reserved 1048576K
}
Event: 13830.116 GC heap before
{Heap before GC invocations=2616 (full 45):
 PSYoungGen      total 6656K, used 6656K [0x00000000eab00000, 0x00000000eb780000, 0x0000000100000000)
  eden space 3584K, 100% used [0x00000000eab00000,0x00000000eae80000,0x00000000eae80000)
  from space 3072K, 100% used [0x00000000eae80000,0x00000000eb180000,0x00000000eb180000)
  to   space 4608K, 0% used [0x00000000eb300000,0x00000000eb300000,0x00000000eb780000)
 ParOldGen       total 173056K, used 168417K [0x00000000c0000000, 0x00000000ca900000, 0x00000000eab00000)
  object space 173056K, 97% used [0x00000000c0000000,0x00000000ca4784f8,0x00000000ca900000)
 Metaspace       used 76458K, capacity 80097K, committed 80384K, reserved 1120256K
  class space    used 7516K, capacity 8898K, committed 8960K, reserved 1048576K
}
Event: 13830.127 GC heap after
{Heap after GC invocations=2616 (full 45):
 PSYoungGen      total 6144K, used 2356K [0x00000000eab00000, 0x00000000eb580000, 0x0000000100000000)
  eden space 3584K, 0% used [0x00000000eab00000,0x00000000eab00000,0x00000000eae80000)
  from space 2560K, 92% used [0x00000000eb300000,0x00000000eb54d200,0x00000000eb580000)
  to   space 3072K, 0% used [0x00000000eaf80000,0x00000000eaf80000,0x00000000eb280000)
 ParOldGen       total 173056K, used 171537K [0x00000000c0000000, 0x00000000ca900000, 0x00000000eab00000)
  object space 173056K, 99% used [0x00000000c0000000,0x00000000ca7844f8,0x00000000ca900000)
 Metaspace       used 76458K, capacity 80097K, committed 80384K, reserved 1120256K
  class space    used 7516K, capacity 8898K, committed 8960K, reserved 1048576K
}
Event: 13830.127 GC heap before
{Heap before GC invocations=2617 (full 46):
 PSYoungGen      total 6144K, used 2356K [0x00000000eab00000, 0x00000000eb580000, 0x0000000100000000)
  eden space 3584K, 0% used [0x00000000eab00000,0x00000000eab00000,0x00000000eae80000)
  from space 2560K, 92% used [0x00000000eb300000,0x00000000eb54d200,0x00000000eb580000)
  to   space 3072K, 0% used [0x00000000eaf80000,0x00000000eaf80000,0x00000000eb280000)
 ParOldGen       total 173056K, used 171537K [0x00000000c0000000, 0x00000000ca900000, 0x00000000eab00000)
  object space 173056K, 99% used [0x00000000c0000000,0x00000000ca7844f8,0x00000000ca900000)
 Metaspace       used 76458K, capacity 80097K, committed 80384K, reserved 1120256K
  class space    used 7516K, capacity 8898K, committed 8960K, reserved 1048576K
}

