# JRE version: Java(TM) SE Runtime Environment (14.0.2+12) (build 14.0.2+12-46)
# Java VM: Java HotSpot(TM) 64-Bit Server VM (14.0.2+12-46, mixed mode, sharing, tiered, compressed oops, parallel gc, windows-amd64)
Heap:
 PSYoungGen      total 10752K, used 10173K [0x00000000eab00000, 0x00000000eb880000, 0x0000000100000000)
  eden space 8192K, 96% used [0x00000000eab00000,0x00000000eb2c0cb0,0x00000000eb300000)
  from space 2560K, 87% used [0x00000000eb600000,0x00000000eb82e8c8,0x00000000eb880000)
  to   space 2560K, 0% used [0x00000000eb380000,0x00000000eb380000,0x00000000eb600000)
 ParOldGen       total 125952K, used 89736K [0x00000000c0000000, 0x00000000c7b00000, 0x00000000eab00000)
  object space 125952K, 71% used [0x00000000c0000000,0x00000000c57a2258,0x00000000c7b00000)
 Metaspace       used 54551K, capacity 57656K, committed 57856K, reserved 1099776K
  class space    used 5793K, capacity 6860K, committed 6912K, reserved 1048576K
GC Heap History (20 events):
Event: 37.271 GC heap before
{Heap before GC invocations=31 (full 4):
 PSYoungGen      total 9728K, used 9472K [0x00000000eab00000, 0x00000000eb780000, 0x0000000100000000)
  eden space 9216K, 100% used [0x00000000eab00000,0x00000000eb400000,0x00000000eb400000)
  from space 512K, 50% used [0x00000000eb700000,0x00000000eb740000,0x00000000eb780000)
  to   space 1024K, 0% used [0x00000000eb580000,0x00000000eb580000,0x00000000eb680000)
 ParOldGen       total 125952K, used 84900K [0x00000000c0000000, 0x00000000c7b00000, 0x00000000eab00000)
  object space 125952K, 67% used [0x00000000c0000000,0x00000000c52e9110,0x00000000c7b00000)
 Metaspace       used 48721K, capacity 51642K, committed 51840K, reserved 1095680K
  class space    used 5275K, capacity 6264K, committed 6272K, reserved 1048576K
}
Event: 37.273 GC heap after
{Heap after GC invocations=31 (full 4):
 PSYoungGen      total 11264K, used 640K [0x00000000eab00000, 0x00000000eb780000, 0x0000000100000000)
  eden space 10240K, 0% used [0x00000000eab00000,0x00000000eab00000,0x00000000eb500000)
  from space 1024K, 62% used [0x00000000eb580000,0x00000000eb620000,0x00000000eb680000)
  to   space 1024K, 0% used [0x00000000eb680000,0x00000000eb680000,0x00000000eb780000)
 ParOldGen       total 125952K, used 84908K [0x00000000c0000000, 0x00000000c7b00000, 0x00000000eab00000)
  object space 125952K, 67% used [0x00000000c0000000,0x00000000c52eb110,0x00000000c7b00000)
 Metaspace       used 48721K, capacity 51642K, committed 51840K, reserved 1095680K
  class space    used 5275K, capacity 6264K, committed 6272K, reserved 1048576K
}
Event: 37.354 GC heap before
{Heap before GC invocations=32 (full 4):
 PSYoungGen      total 11264K, used 10880K [0x00000000eab00000, 0x00000000eb780000, 0x0000000100000000)
  eden space 10240K, 100% used [0x00000000eab00000,0x00000000eb500000,0x00000000eb500000)
  from space 1024K, 62% used [0x00000000eb580000,0x00000000eb620000,0x00000000eb680000)
  to   space 1024K, 0% used [0x00000000eb680000,0x00000000eb680000,0x00000000eb780000)
 ParOldGen       total 125952K, used 84908K [0x00000000c0000000, 0x00000000c7b00000, 0x00000000eab00000)
  object space 125952K, 67% used [0x00000000c0000000,0x00000000c52eb110,0x00000000c7b00000)
 Metaspace       used 48721K, capacity 51642K, committed 51840K, reserved 1095680K
  class space    used 5275K, capacity 6264K, committed 6272K, reserved 1048576K
}
Event: 37.356 GC heap after
{Heap after GC invocations=32 (full 4):
 PSYoungGen      total 11264K, used 416K [0x00000000eab00000, 0x00000000eb700000, 0x0000000100000000)
  eden space 10752K, 0% used [0x00000000eab00000,0x00000000eab00000,0x00000000eb580000)
  from space 512K, 81% used [0x00000000eb680000,0x00000000eb6e8000,0x00000000eb700000)
  to   space 512K, 0% used [0x00000000eb600000,0x00000000eb600000,0x00000000eb680000)
 ParOldGen       total 125952K, used 84908K [0x00000000c0000000, 0x00000000c7b00000, 0x00000000eab00000)
  object space 125952K, 67% used [0x00000000c0000000,0x00000000c52eb110,0x00000000c7b00000)
 Metaspace       used 48721K, capacity 51642K, committed 51840K, reserved 1095680K
  class space    used 5275K, capacity 6264K, committed 6272K, reserved 1048576K
}
Event: 38.153 GC heap before
{Heap before GC invocations=33 (full 4):
 PSYoungGen      total 11264K, used 11168K [0x00000000eab00000, 0x00000000eb700000, 0x0000000100000000)
  eden space 10752K, 100% used [0x00000000eab00000,0x00000000eb580000,0x00000000eb580000)
  from space 512K, 81% used [0x00000000eb680000,0x00000000eb6e8000,0x00000000eb700000)
  to   space 512K, 0% used [0x00000000eb600000,0x00000000eb600000,0x00000000eb680000)
 ParOldGen       total 125952K, used 84908K [0x00000000c0000000, 0x00000000c7b00000, 0x00000000eab00000)
  object space 125952K, 67% used [0x00000000c0000000,0x00000000c52eb110,0x00000000c7b00000)
 Metaspace       used 49434K, capacity 52361K, committed 52480K, reserved 1095680K
  class space    used 5340K, capacity 6333K, committed 6400K, reserved 1048576K
}
Event: 38.156 GC heap after
{Heap after GC invocations=33 (full 4):
 PSYoungGen      total 11776K, used 500K [0x00000000eab00000, 0x00000000eb900000, 0x0000000100000000)
  eden space 11264K, 0% used [0x00000000eab00000,0x00000000eab00000,0x00000000eb600000)
  from space 512K, 97% used [0x00000000eb600000,0x00000000eb67d210,0x00000000eb680000)
  to   space 1536K, 0% used [0x00000000eb780000,0x00000000eb780000,0x00000000eb900000)
 ParOldGen       total 125952K, used 85404K [0x00000000c0000000, 0x00000000c7b00000, 0x00000000eab00000)
  object space 125952K, 67% used [0x00000000c0000000,0x00000000c5367130,0x00000000c7b00000)
 Metaspace       used 49434K, capacity 52361K, committed 52480K, reserved 1095680K
  class space    used 5340K, capacity 6333K, committed 6400K, reserved 1048576K
}
Event: 38.703 GC heap before
{Heap before GC invocations=34 (full 4):
 PSYoungGen      total 11776K, used 11764K [0x00000000eab00000, 0x00000000eb900000, 0x0000000100000000)
  eden space 11264K, 100% used [0x00000000eab00000,0x00000000eb600000,0x00000000eb600000)
  from space 512K, 97% used [0x00000000eb600000,0x00000000eb67d210,0x00000000eb680000)
  to   space 1536K, 0% used [0x00000000eb780000,0x00000000eb780000,0x00000000eb900000)
 ParOldGen       total 125952K, used 85404K [0x00000000c0000000, 0x00000000c7b00000, 0x00000000eab00000)
  object space 125952K, 67% used [0x00000000c0000000,0x00000000c5367130,0x00000000c7b00000)
 Metaspace       used 51565K, capacity 54465K, committed 54656K, reserved 1097728K
  class space    used 5520K, capacity 6501K, committed 6528K, reserved 1048576K
}
Event: 38.707 GC heap after
{Heap after GC invocations=34 (full 4):
 PSYoungGen      total 11776K, used 1504K [0x00000000eab00000, 0x00000000ebb80000, 0x0000000100000000)
  eden space 10240K, 0% used [0x00000000eab00000,0x00000000eab00000,0x00000000eb500000)
  from space 1536K, 97% used [0x00000000eb780000,0x00000000eb8f82c0,0x00000000eb900000)
  to   space 2560K, 0% used [0x00000000eb500000,0x00000000eb500000,0x00000000eb780000)
 ParOldGen       total 125952K, used 86004K [0x00000000c0000000, 0x00000000c7b00000, 0x00000000eab00000)
  object space 125952K, 68% used [0x00000000c0000000,0x00000000c53fd298,0x00000000c7b00000)
 Metaspace       used 51565K, capacity 54465K, committed 54656K, reserved 1097728K
  class space    used 5520K, capacity 6501K, committed 6528K, reserved 1048576K
}
Event: 38.903 GC heap before
{Heap before GC invocations=35 (full 4):
 PSYoungGen      total 11776K, used 11744K [0x00000000eab00000, 0x00000000ebb80000, 0x0000000100000000)
  eden space 10240K, 100% used [0x00000000eab00000,0x00000000eb500000,0x00000000eb500000)
  from space 1536K, 97% used [0x00000000eb780000,0x00000000eb8f82c0,0x00000000eb900000)
  to   space 2560K, 0% used [0x00000000eb500000,0x00000000eb500000,0x00000000eb780000)
 ParOldGen       total 125952K, used 86004K [0x00000000c0000000, 0x00000000c7b00000, 0x00000000eab00000)
  object space 125952K, 68% used [0x00000000c0000000,0x00000000c53fd298,0x00000000c7b00000)
 Metaspace       used 51573K, capacity 54529K, committed 54656K, reserved 1097728K
  class space    used 5520K, capacity 6501K, committed 6528K, reserved 1048576K
}
Event: 38.908 GC heap after
{Heap after GC invocations=35 (full 4):
 PSYoungGen      total 12800K, used 2553K [0x00000000eab00000, 0x00000000ebd80000, 0x0000000100000000)
  eden space 10240K, 0% used [0x00000000eab00000,0x00000000eab00000,0x00000000eb500000)
  from space 2560K, 99% used [0x00000000eb500000,0x00000000eb77e410,0x00000000eb780000)
  to   space 4096K, 0% used [0x00000000eb980000,0x00000000eb980000,0x00000000ebd80000)
 ParOldGen       total 125952K, used 86888K [0x00000000c0000000, 0x00000000c7b00000, 0x00000000eab00000)
  object space 125952K, 68% used [0x00000000c0000000,0x00000000c54da3f8,0x00000000c7b00000)
 Metaspace       used 51573K, capacity 54529K, committed 54656K, reserved 1097728K
  class space    used 5520K, capacity 6501K, committed 6528K, reserved 1048576K
}
Event: 39.022 GC heap before
{Heap before GC invocations=36 (full 4):
 PSYoungGen      total 12800K, used 12793K [0x00000000eab00000, 0x00000000ebd80000, 0x0000000100000000)
  eden space 10240K, 100% used [0x00000000eab00000,0x00000000eb500000,0x00000000eb500000)
  from space 2560K, 99% used [0x00000000eb500000,0x00000000eb77e410,0x00000000eb780000)
  to   space 4096K, 0% used [0x00000000eb980000,0x00000000eb980000,0x00000000ebd80000)
 ParOldGen       total 125952K, used 86888K [0x00000000c0000000, 0x00000000c7b00000, 0x00000000eab00000)
  object space 125952K, 68% used [0x00000000c0000000,0x00000000c54da3f8,0x00000000c7b00000)
 Metaspace       used 51574K, capacity 54529K, committed 54656K, reserved 1097728K
  class space    used 5520K, capacity 6501K, committed 6528K, reserved 1048576K
}
Event: 39.026 GC heap after
{Heap after GC invocations=36 (full 4):
 PSYoungGen      total 13824K, used 2665K [0x00000000eab00000, 0x00000000ebc80000, 0x0000000100000000)
  eden space 10752K, 0% used [0x00000000eab00000,0x00000000eab00000,0x00000000eb580000)
  from space 3072K, 86% used [0x00000000eb980000,0x00000000ebc1a7e0,0x00000000ebc80000)
  to   space 3072K, 0% used [0x00000000eb680000,0x00000000eb680000,0x00000000eb980000)
 ParOldGen       total 125952K, used 87022K [0x00000000c0000000, 0x00000000c7b00000, 0x00000000eab00000)
  object space 125952K, 69% used [0x00000000c0000000,0x00000000c54fbb90,0x00000000c7b00000)
 Metaspace       used 51574K, capacity 54529K, committed 54656K, reserved 1097728K
  class space    used 5520K, capacity 6501K, committed 6528K, reserved 1048576K
}
Event: 41.476 GC heap before
{Heap before GC invocations=37 (full 4):
 PSYoungGen      total 13824K, used 13417K [0x00000000eab00000, 0x00000000ebc80000, 0x0000000100000000)
  eden space 10752K, 100% used [0x00000000eab00000,0x00000000eb580000,0x00000000eb580000)
  from space 3072K, 86% used [0x00000000eb980000,0x00000000ebc1a7e0,0x00000000ebc80000)
  to   space 3072K, 0% used [0x00000000eb680000,0x00000000eb680000,0x00000000eb980000)
 ParOldGen       total 125952K, used 87022K [0x00000000c0000000, 0x00000000c7b00000, 0x00000000eab00000)
  object space 125952K, 69% used [0x00000000c0000000,0x00000000c54fbb90,0x00000000c7b00000)
 Metaspace       used 52037K, capacity 55037K, committed 55296K, reserved 1097728K
  class space    used 5572K, capacity 6590K, committed 6656K, reserved 1048576K
}
Event: 41.486 GC heap after
{Heap after GC invocations=37 (full 4):
 PSYoungGen      total 12800K, used 2033K [0x00000000eab00000, 0x00000000eba80000, 0x0000000100000000)
  eden space 10752K, 0% used [0x00000000eab00000,0x00000000eab00000,0x00000000eb580000)
  from space 2048K, 99% used [0x00000000eb680000,0x00000000eb87c5b8,0x00000000eb880000)
  to   space 2048K, 0% used [0x00000000eb880000,0x00000000eb880000,0x00000000eba80000)
 ParOldGen       total 125952K, used 87030K [0x00000000c0000000, 0x00000000c7b00000, 0x00000000eab00000)
  object space 125952K, 69% used [0x00000000c0000000,0x00000000c54fdb90,0x00000000c7b00000)
 Metaspace       used 52037K, capacity 55037K, committed 55296K, reserved 1097728K
  class space    used 5572K, capacity 6590K, committed 6656K, reserved 1048576K
}
Event: 42.104 GC heap before
{Heap before GC invocations=38 (full 4):
 PSYoungGen      total 12800K, used 12785K [0x00000000eab00000, 0x00000000eba80000, 0x0000000100000000)
  eden space 10752K, 100% used [0x00000000eab00000,0x00000000eb580000,0x00000000eb580000)
  from space 2048K, 99% used [0x00000000eb680000,0x00000000eb87c5b8,0x00000000eb880000)
  to   space 2048K, 0% used [0x00000000eb880000,0x00000000eb880000,0x00000000eba80000)
 ParOldGen       total 125952K, used 87030K [0x00000000c0000000, 0x00000000c7b00000, 0x00000000eab00000)
  object space 125952K, 69% used [0x00000000c0000000,0x00000000c54fdb90,0x00000000c7b00000)
 Metaspace       used 52284K, capacity 55274K, committed 55552K, reserved 1097728K
  class space    used 5593K, capacity 6627K, committed 6656K, reserved 1048576K
}
Event: 42.118 GC heap after
{Heap after GC invocations=38 (full 4):
 PSYoungGen      total 10240K, used 2039K [0x00000000eab00000, 0x00000000ec080000, 0x0000000100000000)
  eden space 8192K, 0% used [0x00000000eab00000,0x00000000eab00000,0x00000000eb300000)
  from space 2048K, 99% used [0x00000000eb880000,0x00000000eba7dda8,0x00000000eba80000)
  to   space 5632K, 0% used [0x00000000eb300000,0x00000000eb300000,0x00000000eb880000)
 ParOldGen       total 125952K, used 89672K [0x00000000c0000000, 0x00000000c7b00000, 0x00000000eab00000)
  object space 125952K, 71% used [0x00000000c0000000,0x00000000c5792258,0x00000000c7b00000)
 Metaspace       used 52284K, capacity 55274K, committed 55552K, reserved 1097728K
  class space    used 5593K, capacity 6627K, committed 6656K, reserved 1048576K
}
Event: 43.909 GC heap before
{Heap before GC invocations=39 (full 4):
 PSYoungGen      total 10240K, used 10231K [0x00000000eab00000, 0x00000000ec080000, 0x0000000100000000)
  eden space 8192K, 100% used [0x00000000eab00000,0x00000000eb300000,0x00000000eb300000)
  from space 2048K, 99% used [0x00000000eb880000,0x00000000eba7dda8,0x00000000eba80000)
  to   space 5632K, 0% used [0x00000000eb300000,0x00000000eb300000,0x00000000eb880000)
 ParOldGen       total 125952K, used 89672K [0x00000000c0000000, 0x00000000c7b00000, 0x00000000eab00000)
  object space 125952K, 71% used [0x00000000c0000000,0x00000000c5792258,0x00000000c7b00000)
 Metaspace       used 53612K, capacity 56677K, committed 56832K, reserved 1099776K
  class space    used 5715K, capacity 6790K, committed 6912K, reserved 1048576K
}
Event: 43.914 GC heap after
{Heap after GC invocations=39 (full 4):
 PSYoungGen      total 10240K, used 1664K [0x00000000eab00000, 0x00000000eb900000, 0x0000000100000000)
  eden space 8192K, 0% used [0x00000000eab00000,0x00000000eab00000,0x00000000eb300000)
  from space 2048K, 81% used [0x00000000eb300000,0x00000000eb4a0078,0x00000000eb500000)
  to   space 3072K, 0% used [0x00000000eb600000,0x00000000eb600000,0x00000000eb900000)
 ParOldGen       total 125952K, used 89728K [0x00000000c0000000, 0x00000000c7b00000, 0x00000000eab00000)
  object space 125952K, 71% used [0x00000000c0000000,0x00000000c57a0258,0x00000000c7b00000)
 Metaspace       used 53612K, capacity 56677K, committed 56832K, reserved 1099776K
  class space    used 5715K, capacity 6790K, committed 6912K, reserved 1048576K
}
Event: 44.239 GC heap before
{Heap before GC invocations=40 (full 4):
 PSYoungGen      total 10240K, used 9849K [0x00000000eab00000, 0x00000000eb900000, 0x0000000100000000)
  eden space 8192K, 99% used [0x00000000eab00000,0x00000000eb2fe618,0x00000000eb300000)
  from space 2048K, 81% used [0x00000000eb300000,0x00000000eb4a0078,0x00000000eb500000)
  to   space 3072K, 0% used [0x00000000eb600000,0x00000000eb600000,0x00000000eb900000)
 ParOldGen       total 125952K, used 89728K [0x00000000c0000000, 0x00000000c7b00000, 0x00000000eab00000)
  object space 125952K, 71% used [0x00000000c0000000,0x00000000c57a0258,0x00000000c7b00000)
 Metaspace       used 53945K, capacity 57009K, committed 57344K, reserved 1099776K
  class space    used 5742K, capacity 6794K, committed 6912K, reserved 1048576K
}
Event: 44.245 GC heap after
{Heap after GC invocations=40 (full 4):
 PSYoungGen      total 10752K, used 2234K [0x00000000eab00000, 0x00000000eb880000, 0x0000000100000000)
  eden space 8192K, 0% used [0x00000000eab00000,0x00000000eab00000,0x00000000eb300000)
  from space 2560K, 87% used [0x00000000eb600000,0x00000000eb82e8c8,0x00000000eb880000)
  to   space 2560K, 0% used [0x00000000eb380000,0x00000000eb380000,0x00000000eb600000)
 ParOldGen       total 125952K, used 89736K [0x00000000c0000000, 0x00000000c7b00000, 0x00000000eab00000)
  object space 125952K, 71% used [0x00000000c0000000,0x00000000c57a2258,0x00000000c7b00000)
 Metaspace       used 53945K, capacity 57009K, committed 57344K, reserved 1099776K
  class space    used 5742K, capacity 6794K, committed 6912K, reserved 1048576K
}

