# JRE version: Java(TM) SE Runtime Environment (14.0.2+12) (build 14.0.2+12-46)
# Java VM: Java HotSpot(TM) 64-Bit Server VM (14.0.2+12-46, mixed mode, sharing, tiered, compressed oops, parallel gc, windows-amd64)
Heap:
 PSYoungGen      total 6656K, used 6520K [0x00000000eab00000, 0x00000000eb580000, 0x0000000100000000)
  eden space 5632K, 97% used [0x00000000eab00000,0x00000000eb0612d8,0x00000000eb080000)
  from space 1024K, 98% used [0x00000000eb380000,0x00000000eb47cd30,0x00000000eb480000)
  to   space 1024K, 72% used [0x00000000eb480000,0x00000000eb53a430,0x00000000eb580000)
 ParOldGen       total 203776K, used 161616K [0x00000000c0000000, 0x00000000cc700000, 0x00000000eab00000)
  object space 203776K, 79% used [0x00000000c0000000,0x00000000c9dd40d8,0x00000000cc700000)
 Metaspace       used 72807K, capacity 76303K, committed 76416K, reserved 1116160K
  class space    used 7427K, capacity 8769K, committed 8832K, reserved 1048576K
GC Heap History (20 events):
Event: 4601.338 GC heap after
{Heap after GC invocations=519 (full 12):
 PSYoungGen      total 8192K, used 2281K [0x00000000eab00000, 0x00000000eba00000, 0x0000000100000000)
  eden space 5632K, 0% used [0x00000000eab00000,0x00000000eab00000,0x00000000eb080000)
  from space 2560K, 89% used [0x00000000eb780000,0x00000000eb9ba400,0x00000000eba00000)
  to   space 4096K, 0% used [0x00000000eb200000,0x00000000eb200000,0x00000000eb600000)
 ParOldGen       total 203776K, used 111676K [0x00000000c0000000, 0x00000000cc700000, 0x00000000eab00000)
  object space 203776K, 54% used [0x00000000c0000000,0x00000000c6d0f3c8,0x00000000cc700000)
 Metaspace       used 72534K, capacity 76036K, committed 76160K, reserved 1116160K
  class space    used 7421K, capacity 8767K, committed 8832K, reserved 1048576K
}
Event: 4601.566 GC heap before
{Heap before GC invocations=520 (full 12):
 PSYoungGen      total 8192K, used 7913K [0x00000000eab00000, 0x00000000eba00000, 0x0000000100000000)
  eden space 5632K, 100% used [0x00000000eab00000,0x00000000eb080000,0x00000000eb080000)
  from space 2560K, 89% used [0x00000000eb780000,0x00000000eb9ba400,0x00000000eba00000)
  to   space 4096K, 0% used [0x00000000eb200000,0x00000000eb200000,0x00000000eb600000)
 ParOldGen       total 203776K, used 111676K [0x00000000c0000000, 0x00000000cc700000, 0x00000000eab00000)
  object space 203776K, 54% used [0x00000000c0000000,0x00000000c6d0f3c8,0x00000000cc700000)
 Metaspace       used 72593K, capacity 76164K, committed 76416K, reserved 1116160K
  class space    used 7424K, capacity 8767K, committed 8832K, reserved 1048576K
}
Event: 4601.572 GC heap after
{Heap after GC invocations=520 (full 12):
 PSYoungGen      total 9216K, used 3516K [0x00000000eab00000, 0x00000000eb880000, 0x0000000100000000)
  eden space 5632K, 0% used [0x00000000eab00000,0x00000000eab00000,0x00000000eb080000)
  from space 3584K, 98% used [0x00000000eb200000,0x00000000eb56f178,0x00000000eb580000)
  to   space 3072K, 0% used [0x00000000eb580000,0x00000000eb580000,0x00000000eb880000)
 ParOldGen       total 203776K, used 113861K [0x00000000c0000000, 0x00000000cc700000, 0x00000000eab00000)
  object space 203776K, 55% used [0x00000000c0000000,0x00000000c6f317e8,0x00000000cc700000)
 Metaspace       used 72593K, capacity 76164K, committed 76416K, reserved 1116160K
  class space    used 7424K, capacity 8767K, committed 8832K, reserved 1048576K
}
Event: 4603.865 GC heap before
{Heap before GC invocations=521 (full 12):
 PSYoungGen      total 9216K, used 9148K [0x00000000eab00000, 0x00000000eb880000, 0x0000000100000000)
  eden space 5632K, 100% used [0x00000000eab00000,0x00000000eb080000,0x00000000eb080000)
  from space 3584K, 98% used [0x00000000eb200000,0x00000000eb56f178,0x00000000eb580000)
  to   space 3072K, 0% used [0x00000000eb580000,0x00000000eb580000,0x00000000eb880000)
 ParOldGen       total 203776K, used 159942K [0x00000000c0000000, 0x00000000cc700000, 0x00000000eab00000)
  object space 203776K, 78% used [0x00000000c0000000,0x00000000c9c31838,0x00000000cc700000)
 Metaspace       used 72648K, capacity 76164K, committed 76416K, reserved 1116160K
  class space    used 7426K, capacity 8767K, committed 8832K, reserved 1048576K
}
Event: 4603.869 GC heap after
{Heap after GC invocations=521 (full 12):
 PSYoungGen      total 6656K, used 793K [0x00000000eab00000, 0x00000000eb680000, 0x0000000100000000)
  eden space 5632K, 0% used [0x00000000eab00000,0x00000000eab00000,0x00000000eb080000)
  from space 1024K, 77% used [0x00000000eb580000,0x00000000eb646410,0x00000000eb680000)
  to   space 2048K, 0% used [0x00000000eb280000,0x00000000eb280000,0x00000000eb480000)
 ParOldGen       total 203776K, used 160014K [0x00000000c0000000, 0x00000000cc700000, 0x00000000eab00000)
  object space 203776K, 78% used [0x00000000c0000000,0x00000000c9c43838,0x00000000cc700000)
 Metaspace       used 72648K, capacity 76164K, committed 76416K, reserved 1116160K
  class space    used 7426K, capacity 8767K, committed 8832K, reserved 1048576K
}
Event: 5824.909 GC heap before
{Heap before GC invocations=522 (full 12):
 PSYoungGen      total 6656K, used 6425K [0x00000000eab00000, 0x00000000eb680000, 0x0000000100000000)
  eden space 5632K, 100% used [0x00000000eab00000,0x00000000eb080000,0x00000000eb080000)
  from space 1024K, 77% used [0x00000000eb580000,0x00000000eb646410,0x00000000eb680000)
  to   space 2048K, 0% used [0x00000000eb280000,0x00000000eb280000,0x00000000eb480000)
 ParOldGen       total 203776K, used 160014K [0x00000000c0000000, 0x00000000cc700000, 0x00000000eab00000)
  object space 203776K, 78% used [0x00000000c0000000,0x00000000c9c43838,0x00000000cc700000)
 Metaspace       used 72691K, capacity 76228K, committed 76416K, reserved 1116160K
  class space    used 7426K, capacity 8767K, committed 8832K, reserved 1048576K
}
Event: 5824.913 GC heap after
{Heap after GC invocations=522 (full 12):
 PSYoungGen      total 7680K, used 554K [0x00000000eab00000, 0x00000000eb600000, 0x0000000100000000)
  eden space 5632K, 0% used [0x00000000eab00000,0x00000000eab00000,0x00000000eb080000)
  from space 2048K, 27% used [0x00000000eb280000,0x00000000eb30a930,0x00000000eb480000)
  to   space 1024K, 0% used [0x00000000eb500000,0x00000000eb500000,0x00000000eb600000)
 ParOldGen       total 203776K, used 160426K [0x00000000c0000000, 0x00000000cc700000, 0x00000000eab00000)
  object space 203776K, 78% used [0x00000000c0000000,0x00000000c9caaa58,0x00000000cc700000)
 Metaspace       used 72691K, capacity 76228K, committed 76416K, reserved 1116160K
  class space    used 7426K, capacity 8767K, committed 8832K, reserved 1048576K
}
Event: 5825.851 GC heap before
{Heap before GC invocations=523 (full 12):
 PSYoungGen      total 7680K, used 6186K [0x00000000eab00000, 0x00000000eb600000, 0x0000000100000000)
  eden space 5632K, 100% used [0x00000000eab00000,0x00000000eb080000,0x00000000eb080000)
  from space 2048K, 27% used [0x00000000eb280000,0x00000000eb30a930,0x00000000eb480000)
  to   space 1024K, 0% used [0x00000000eb500000,0x00000000eb500000,0x00000000eb600000)
 ParOldGen       total 203776K, used 160426K [0x00000000c0000000, 0x00000000cc700000, 0x00000000eab00000)
  object space 203776K, 78% used [0x00000000c0000000,0x00000000c9caaa58,0x00000000cc700000)
 Metaspace       used 72713K, capacity 76292K, committed 76416K, reserved 1116160K
  class space    used 7426K, capacity 8767K, committed 8832K, reserved 1048576K
}
Event: 5825.854 GC heap after
{Heap after GC invocations=523 (full 12):
 PSYoungGen      total 6144K, used 128K [0x00000000eab00000, 0x00000000eb580000, 0x0000000100000000)
  eden space 5632K, 0% used [0x00000000eab00000,0x00000000eab00000,0x00000000eb080000)
  from space 512K, 25% used [0x00000000eb500000,0x00000000eb520000,0x00000000eb580000)
  to   space 512K, 0% used [0x00000000eb480000,0x00000000eb480000,0x00000000eb500000)
 ParOldGen       total 203776K, used 160919K [0x00000000c0000000, 0x00000000cc700000, 0x00000000eab00000)
  object space 203776K, 78% used [0x00000000c0000000,0x00000000c9d25c98,0x00000000cc700000)
 Metaspace       used 72713K, capacity 76292K, committed 76416K, reserved 1116160K
  class space    used 7426K, capacity 8767K, committed 8832K, reserved 1048576K
}
Event: 5827.052 GC heap before
{Heap before GC invocations=524 (full 12):
 PSYoungGen      total 6144K, used 5760K [0x00000000eab00000, 0x00000000eb580000, 0x0000000100000000)
  eden space 5632K, 100% used [0x00000000eab00000,0x00000000eb080000,0x00000000eb080000)
  from space 512K, 25% used [0x00000000eb500000,0x00000000eb520000,0x00000000eb580000)
  to   space 512K, 0% used [0x00000000eb480000,0x00000000eb480000,0x00000000eb500000)
 ParOldGen       total 203776K, used 160919K [0x00000000c0000000, 0x00000000cc700000, 0x00000000eab00000)
  object space 203776K, 78% used [0x00000000c0000000,0x00000000c9d25c98,0x00000000cc700000)
 Metaspace       used 72726K, capacity 76292K, committed 76416K, reserved 1116160K
  class space    used 7426K, capacity 8767K, committed 8832K, reserved 1048576K
}
Event: 5827.054 GC heap after
{Heap after GC invocations=524 (full 12):
 PSYoungGen      total 6144K, used 128K [0x00000000eab00000, 0x00000000eb580000, 0x0000000100000000)
  eden space 5632K, 0% used [0x00000000eab00000,0x00000000eab00000,0x00000000eb080000)
  from space 512K, 25% used [0x00000000eb480000,0x00000000eb4a0000,0x00000000eb500000)
  to   space 512K, 0% used [0x00000000eb500000,0x00000000eb500000,0x00000000eb580000)
 ParOldGen       total 203776K, used 160959K [0x00000000c0000000, 0x00000000cc700000, 0x00000000eab00000)
  object space 203776K, 78% used [0x00000000c0000000,0x00000000c9d2fc98,0x00000000cc700000)
 Metaspace       used 72726K, capacity 76292K, committed 76416K, reserved 1116160K
  class space    used 7426K, capacity 8767K, committed 8832K, reserved 1048576K
}
Event: 5828.250 GC heap before
{Heap before GC invocations=525 (full 12):
 PSYoungGen      total 6144K, used 5760K [0x00000000eab00000, 0x00000000eb580000, 0x0000000100000000)
  eden space 5632K, 100% used [0x00000000eab00000,0x00000000eb080000,0x00000000eb080000)
  from space 512K, 25% used [0x00000000eb480000,0x00000000eb4a0000,0x00000000eb500000)
  to   space 512K, 0% used [0x00000000eb500000,0x00000000eb500000,0x00000000eb580000)
 ParOldGen       total 203776K, used 160959K [0x00000000c0000000, 0x00000000cc700000, 0x00000000eab00000)
  object space 203776K, 78% used [0x00000000c0000000,0x00000000c9d2fc98,0x00000000cc700000)
 Metaspace       used 72737K, capacity 76292K, committed 76416K, reserved 1116160K
  class space    used 7426K, capacity 8767K, committed 8832K, reserved 1048576K
}
Event: 5828.254 GC heap after
{Heap after GC invocations=525 (full 12):
 PSYoungGen      total 6144K, used 96K [0x00000000eab00000, 0x00000000eb580000, 0x0000000100000000)
  eden space 5632K, 0% used [0x00000000eab00000,0x00000000eab00000,0x00000000eb080000)
  from space 512K, 18% used [0x00000000eb500000,0x00000000eb518000,0x00000000eb580000)
  to   space 512K, 0% used [0x00000000eb480000,0x00000000eb480000,0x00000000eb500000)
 ParOldGen       total 203776K, used 160959K [0x00000000c0000000, 0x00000000cc700000, 0x00000000eab00000)
  object space 203776K, 78% used [0x00000000c0000000,0x00000000c9d2fc98,0x00000000cc700000)
 Metaspace       used 72737K, capacity 76292K, committed 76416K, reserved 1116160K
  class space    used 7426K, capacity 8767K, committed 8832K, reserved 1048576K
}
Event: 5829.395 GC heap before
{Heap before GC invocations=526 (full 12):
 PSYoungGen      total 6144K, used 5728K [0x00000000eab00000, 0x00000000eb580000, 0x0000000100000000)
  eden space 5632K, 100% used [0x00000000eab00000,0x00000000eb080000,0x00000000eb080000)
  from space 512K, 18% used [0x00000000eb500000,0x00000000eb518000,0x00000000eb580000)
  to   space 512K, 0% used [0x00000000eb480000,0x00000000eb480000,0x00000000eb500000)
 ParOldGen       total 203776K, used 160959K [0x00000000c0000000, 0x00000000cc700000, 0x00000000eab00000)
  object space 203776K, 78% used [0x00000000c0000000,0x00000000c9d2fc98,0x00000000cc700000)
 Metaspace       used 72751K, capacity 76292K, committed 76416K, reserved 1116160K
  class space    used 7426K, capacity 8767K, committed 8832K, reserved 1048576K
}
Event: 5829.397 GC heap after
{Heap after GC invocations=526 (full 12):
 PSYoungGen      total 6144K, used 96K [0x00000000eab00000, 0x00000000eb580000, 0x0000000100000000)
  eden space 5632K, 0% used [0x00000000eab00000,0x00000000eab00000,0x00000000eb080000)
  from space 512K, 18% used [0x00000000eb480000,0x00000000eb498000,0x00000000eb500000)
  to   space 512K, 0% used [0x00000000eb500000,0x00000000eb500000,0x00000000eb580000)
 ParOldGen       total 203776K, used 160967K [0x00000000c0000000, 0x00000000cc700000, 0x00000000eab00000)
  object space 203776K, 78% used [0x00000000c0000000,0x00000000c9d31c98,0x00000000cc700000)
 Metaspace       used 72751K, capacity 76292K, committed 76416K, reserved 1116160K
  class space    used 7426K, capacity 8767K, committed 8832K, reserved 1048576K
}
Event: 5830.765 GC heap before
{Heap before GC invocations=527 (full 12):
 PSYoungGen      total 6144K, used 5728K [0x00000000eab00000, 0x00000000eb580000, 0x0000000100000000)
  eden space 5632K, 100% used [0x00000000eab00000,0x00000000eb080000,0x00000000eb080000)
  from space 512K, 18% used [0x00000000eb480000,0x00000000eb498000,0x00000000eb500000)
  to   space 512K, 0% used [0x00000000eb500000,0x00000000eb500000,0x00000000eb580000)
 ParOldGen       total 203776K, used 160967K [0x00000000c0000000, 0x00000000cc700000, 0x00000000eab00000)
  object space 203776K, 78% used [0x00000000c0000000,0x00000000c9d31c98,0x00000000cc700000)
 Metaspace       used 72763K, capacity 76293K, committed 76416K, reserved 1116160K
  class space    used 7426K, capacity 8767K, committed 8832K, reserved 1048576K
}
Event: 5830.768 GC heap after
{Heap after GC invocations=527 (full 12):
 PSYoungGen      total 6144K, used 489K [0x00000000eab00000, 0x00000000eb580000, 0x0000000100000000)
  eden space 5632K, 0% used [0x00000000eab00000,0x00000000eab00000,0x00000000eb080000)
  from space 512K, 95% used [0x00000000eb500000,0x00000000eb57a400,0x00000000eb580000)
  to   space 1024K, 0% used [0x00000000eb380000,0x00000000eb380000,0x00000000eb480000)
 ParOldGen       total 203776K, used 161079K [0x00000000c0000000, 0x00000000cc700000, 0x00000000eab00000)
  object space 203776K, 79% used [0x00000000c0000000,0x00000000c9d4dcb8,0x00000000cc700000)
 Metaspace       used 72763K, capacity 76293K, committed 76416K, reserved 1116160K
  class space    used 7426K, capacity 8767K, committed 8832K, reserved 1048576K
}
Event: 6463.289 GC heap before
{Heap before GC invocations=528 (full 12):
 PSYoungGen      total 6144K, used 6121K [0x00000000eab00000, 0x00000000eb580000, 0x0000000100000000)
  eden space 5632K, 100% used [0x00000000eab00000,0x00000000eb080000,0x00000000eb080000)
  from space 512K, 95% used [0x00000000eb500000,0x00000000eb57a400,0x00000000eb580000)
  to   space 1024K, 0% used [0x00000000eb380000,0x00000000eb380000,0x00000000eb480000)
 ParOldGen       total 203776K, used 161079K [0x00000000c0000000, 0x00000000cc700000, 0x00000000eab00000)
  object space 203776K, 79% used [0x00000000c0000000,0x00000000c9d4dcb8,0x00000000cc700000)
 Metaspace       used 72780K, capacity 76294K, committed 76416K, reserved 1116160K
  class space    used 7426K, capacity 8767K, committed 8832K, reserved 1048576K
}
Event: 6463.294 GC heap after
{Heap after GC invocations=528 (full 12):
 PSYoungGen      total 6656K, used 1011K [0x00000000eab00000, 0x00000000eb580000, 0x0000000100000000)
  eden space 5632K, 0% used [0x00000000eab00000,0x00000000eab00000,0x00000000eb080000)
  from space 1024K, 98% used [0x00000000eb380000,0x00000000eb47cd30,0x00000000eb480000)
  to   space 1024K, 0% used [0x00000000eb480000,0x00000000eb480000,0x00000000eb580000)
 ParOldGen       total 203776K, used 161187K [0x00000000c0000000, 0x00000000cc700000, 0x00000000eab00000)
  object space 203776K, 79% used [0x00000000c0000000,0x00000000c9d68eb8,0x00000000cc700000)
 Metaspace       used 72780K, capacity 76294K, committed 76416K, reserved 1116160K
  class space    used 7426K, capacity 8767K, committed 8832K, reserved 1048576K
}
Event: 6471.999 GC heap before
{Heap before GC invocations=529 (full 12):
 PSYoungGen      total 6656K, used 6520K [0x00000000eab00000, 0x00000000eb580000, 0x0000000100000000)
  eden space 5632K, 97% used [0x00000000eab00000,0x00000000eb0612d8,0x00000000eb080000)
  from space 1024K, 98% used [0x00000000eb380000,0x00000000eb47cd30,0x00000000eb480000)
  to   space 1024K, 0% used [0x00000000eb480000,0x00000000eb480000,0x00000000eb580000)
 ParOldGen       total 203776K, used 161187K [0x00000000c0000000, 0x00000000cc700000, 0x00000000eab00000)
  object space 203776K, 79% used [0x00000000c0000000,0x00000000c9d68eb8,0x00000000cc700000)
 Metaspace       used 72807K, capacity 76303K, committed 76416K, reserved 1116160K
  class space    used 7427K, capacity 8769K, committed 8832K, reserved 1048576K
}

